mode: set
github.com/larsks/airdancer/cmd/airdancer-api/main.go:13.13,20.18 5 0
github.com/larsks/airdancer/cmd/airdancer-api/main.go:20.18,23.3 2 0
github.com/larsks/airdancer/cmd/airdancer-api/main.go:25.2,25.41 1 0
github.com/larsks/airdancer/cmd/airdancer-api/main.go:25.41,27.3 1 0
github.com/larsks/airdancer/cmd/airdancer-api/main.go:29.2,30.16 2 0
github.com/larsks/airdancer/cmd/airdancer-api/main.go:30.16,32.3 1 0
github.com/larsks/airdancer/cmd/airdancer-api/main.go:33.2,35.36 2 0
github.com/larsks/airdancer/cmd/airdancer-api/main.go:35.36,37.3 1 0
github.com/larsks/airdancer/cmd/airdancer-buttons/main.go:12.13,19.18 5 0
github.com/larsks/airdancer/cmd/airdancer-buttons/main.go:19.18,22.3 2 0
github.com/larsks/airdancer/cmd/airdancer-buttons/main.go:24.2,24.41 1 0
github.com/larsks/airdancer/cmd/airdancer-buttons/main.go:24.41,26.3 1 0
github.com/larsks/airdancer/cmd/airdancer-buttons/main.go:28.2,34.40 4 0
github.com/larsks/airdancer/cmd/airdancer-buttons/main.go:34.40,35.64 1 0
github.com/larsks/airdancer/cmd/airdancer-buttons/main.go:35.64,37.4 1 0
github.com/larsks/airdancer/cmd/airdancer-buttons/main.go:40.2,40.40 1 0
github.com/larsks/airdancer/cmd/airdancer-buttons/main.go:40.40,42.3 1 0
github.com/larsks/airdancer/cmd/airdancer-monitor/main.go:14.13,22.18 5 0
github.com/larsks/airdancer/cmd/airdancer-monitor/main.go:22.18,25.3 2 0
github.com/larsks/airdancer/cmd/airdancer-monitor/main.go:28.2,29.16 2 0
github.com/larsks/airdancer/cmd/airdancer-monitor/main.go:29.16,31.30 1 0
github.com/larsks/airdancer/cmd/airdancer-monitor/main.go:31.30,33.4 1 0
github.com/larsks/airdancer/cmd/airdancer-monitor/main.go:34.3,34.53 1 0
github.com/larsks/airdancer/cmd/airdancer-monitor/main.go:38.2,38.42 1 0
github.com/larsks/airdancer/cmd/airdancer-monitor/main.go:38.42,40.3 1 0
github.com/larsks/airdancer/cmd/airdancer-monitor/main.go:43.2,44.16 2 0
github.com/larsks/airdancer/cmd/airdancer-monitor/main.go:44.16,46.3 1 0
github.com/larsks/airdancer/cmd/airdancer-monitor/main.go:49.2,49.22 1 0
github.com/larsks/airdancer/cmd/airdancer-ui/main.go:13.13,20.18 5 0
github.com/larsks/airdancer/cmd/airdancer-ui/main.go:20.18,23.3 2 0
github.com/larsks/airdancer/cmd/airdancer-ui/main.go:25.2,25.41 1 0
github.com/larsks/airdancer/cmd/airdancer-ui/main.go:25.41,27.3 1 0
github.com/larsks/airdancer/cmd/airdancer-ui/main.go:29.2,31.36 2 0
github.com/larsks/airdancer/cmd/airdancer-ui/main.go:31.36,33.3 1 0
github.com/larsks/airdancer/cmd/common-button-test/main.go:18.13,26.15 3 0
github.com/larsks/airdancer/cmd/common-button-test/main.go:26.15,67.3 40 0
github.com/larsks/airdancer/cmd/common-button-test/main.go:70.2,71.27 2 0
github.com/larsks/airdancer/cmd/common-button-test/main.go:71.27,73.3 1 0
github.com/larsks/airdancer/cmd/common-button-test/main.go:76.2,78.35 2 0
github.com/larsks/airdancer/cmd/common-button-test/main.go:78.35,80.17 2 0
github.com/larsks/airdancer/cmd/common-button-test/main.go:80.17,81.12 1 0
github.com/larsks/airdancer/cmd/common-button-test/main.go:85.3,86.21 2 0
github.com/larsks/airdancer/cmd/common-button-test/main.go:86.21,88.4 1 0
github.com/larsks/airdancer/cmd/common-button-test/main.go:90.3,95.48 4 0
github.com/larsks/airdancer/cmd/common-button-test/main.go:95.48,97.18 2 0
github.com/larsks/airdancer/cmd/common-button-test/main.go:97.18,99.5 1 0
github.com/larsks/airdancer/cmd/common-button-test/main.go:100.4,100.32 1 0
github.com/larsks/airdancer/cmd/common-button-test/main.go:104.3,104.92 1 0
github.com/larsks/airdancer/cmd/common-button-test/main.go:104.92,106.4 1 0
github.com/larsks/airdancer/cmd/common-button-test/main.go:110.2,110.42 1 0
github.com/larsks/airdancer/cmd/common-button-test/main.go:110.42,111.40 1 0
github.com/larsks/airdancer/cmd/common-button-test/main.go:111.40,113.4 1 0
github.com/larsks/airdancer/cmd/common-button-test/main.go:117.2,123.42 5 0
github.com/larsks/airdancer/cmd/common-button-test/main.go:123.42,125.3 1 0
github.com/larsks/airdancer/cmd/common-button-test/main.go:126.2,134.33 7 0
github.com/larsks/airdancer/cmd/common-button-test/main.go:134.33,135.34 1 0
github.com/larsks/airdancer/cmd/common-button-test/main.go:135.34,136.34 1 0
github.com/larsks/airdancer/cmd/common-button-test/main.go:136.34,138.5 1 0
github.com/larsks/airdancer/cmd/common-button-test/main.go:142.2,142.12 1 0
github.com/larsks/airdancer/cmd/common-button-test/main.go:142.12,143.32 1 0
github.com/larsks/airdancer/cmd/common-button-test/main.go:143.32,148.31 3 0
github.com/larsks/airdancer/cmd/common-button-test/main.go:148.31,150.5 1 0
github.com/larsks/airdancer/cmd/common-button-test/main.go:155.2,157.33 3 0
github.com/larsks/airdancer/cmd/common-button-test/main.go:157.33,159.3 1 0
github.com/larsks/airdancer/cmd/common-button-test/main.go:160.2,160.25 1 0
github.com/larsks/airdancer/cmd/common-button-test/main.go:163.100,164.20 1 0
github.com/larsks/airdancer/cmd/common-button-test/main.go:165.14,166.48 1 0
github.com/larsks/airdancer/cmd/common-button-test/main.go:167.15,168.43 1 0
github.com/larsks/airdancer/cmd/common-button-test/main.go:169.10,170.68 1 0
github.com/larsks/airdancer/cmd/common-button-test/main.go:174.85,177.35 2 0
github.com/larsks/airdancer/cmd/common-button-test/main.go:178.14,179.31 1 0
github.com/larsks/airdancer/cmd/common-button-test/main.go:180.12,181.29 1 0
github.com/larsks/airdancer/cmd/common-button-test/main.go:182.14,183.31 1 0
github.com/larsks/airdancer/cmd/common-button-test/main.go:184.14,185.31 1 0
github.com/larsks/airdancer/cmd/common-button-test/main.go:186.10,187.97 1 0
github.com/larsks/airdancer/cmd/common-button-test/main.go:190.2,191.58 2 0
github.com/larsks/airdancer/cmd/common-button-test/main.go:194.107,195.20 1 0
github.com/larsks/airdancer/cmd/common-button-test/main.go:196.14,200.17 3 0
github.com/larsks/airdancer/cmd/common-button-test/main.go:200.17,202.4 1 0
github.com/larsks/airdancer/cmd/common-button-test/main.go:203.3,203.36 1 0
github.com/larsks/airdancer/cmd/common-button-test/main.go:204.15,208.17 3 0
github.com/larsks/airdancer/cmd/common-button-test/main.go:208.17,210.4 1 0
github.com/larsks/airdancer/cmd/common-button-test/main.go:211.3,211.37 1 0
github.com/larsks/airdancer/cmd/common-button-test/main.go:212.10,213.63 1 0
github.com/larsks/airdancer/cmd/gpiotest/main.go:13.13,16.22 3 0
github.com/larsks/airdancer/cmd/gpiotest/main.go:16.22,23.3 6 0
github.com/larsks/airdancer/cmd/gpiotest/main.go:24.2,27.19 3 0
github.com/larsks/airdancer/cmd/gpiotest/main.go:27.19,30.3 2 0
github.com/larsks/airdancer/cmd/gpiotest/main.go:33.2,33.57 1 0
github.com/larsks/airdancer/cmd/gpiotest/main.go:33.57,35.3 1 0
github.com/larsks/airdancer/cmd/gpiotest/main.go:37.2,40.27 3 0
github.com/larsks/airdancer/cmd/gpiotest/main.go:40.27,42.22 2 0
github.com/larsks/airdancer/cmd/gpiotest/main.go:42.22,44.4 1 0
github.com/larsks/airdancer/cmd/gpiotest/main.go:45.3,48.30 4 0
github.com/larsks/airdancer/cmd/gpiotest/main.go:51.2,52.16 2 0
github.com/larsks/airdancer/cmd/gpiotest/main.go:52.16,54.3 1 0
github.com/larsks/airdancer/cmd/gpiotest/main.go:55.2,57.42 2 0
github.com/larsks/airdancer/cmd/gpiotest/main.go:57.42,59.3 1 0
github.com/larsks/airdancer/cmd/gpiotest/main.go:61.2,62.29 2 0
github.com/larsks/airdancer/cmd/gpiotest/main.go:62.29,65.10 3 0
github.com/larsks/airdancer/cmd/gpiotest/main.go:65.10,68.12 2 0
github.com/larsks/airdancer/cmd/gpiotest/main.go:71.3,71.34 1 0
github.com/larsks/airdancer/cmd/gpiotest/main.go:72.26,73.37 1 0
github.com/larsks/airdancer/cmd/gpiotest/main.go:73.37,75.5 1 0
github.com/larsks/airdancer/cmd/gpiotest/main.go:76.28,77.38 1 0
github.com/larsks/airdancer/cmd/gpiotest/main.go:77.38,79.5 1 0
github.com/larsks/airdancer/cmd/gpiotest/main.go:80.11,81.59 1 0
github.com/larsks/airdancer/cmd/pfctl/main.go:23.14,49.2 22 0
github.com/larsks/airdancer/cmd/pfctl/main.go:51.13,54.18 2 0
github.com/larsks/airdancer/cmd/pfctl/main.go:54.18,57.3 2 0
github.com/larsks/airdancer/cmd/pfctl/main.go:59.2,59.15 1 0
github.com/larsks/airdancer/cmd/pfctl/main.go:59.15,62.3 2 0
github.com/larsks/airdancer/cmd/pfctl/main.go:64.2,65.19 2 0
github.com/larsks/airdancer/cmd/pfctl/main.go:65.19,69.3 3 0
github.com/larsks/airdancer/cmd/pfctl/main.go:71.2,75.16 3 0
github.com/larsks/airdancer/cmd/pfctl/main.go:75.16,77.3 1 0
github.com/larsks/airdancer/cmd/pfctl/main.go:78.2,80.34 2 0
github.com/larsks/airdancer/cmd/pfctl/main.go:80.34,82.3 1 0
github.com/larsks/airdancer/cmd/pfctl/main.go:84.2,84.17 1 0
github.com/larsks/airdancer/cmd/pfctl/main.go:85.14,86.57 1 0
github.com/larsks/airdancer/cmd/pfctl/main.go:86.57,88.4 1 0
github.com/larsks/airdancer/cmd/pfctl/main.go:89.15,90.58 1 0
github.com/larsks/airdancer/cmd/pfctl/main.go:90.58,92.4 1 0
github.com/larsks/airdancer/cmd/pfctl/main.go:93.17,94.60 1 0
github.com/larsks/airdancer/cmd/pfctl/main.go:94.60,96.4 1 0
github.com/larsks/airdancer/cmd/pfctl/main.go:97.15,98.58 1 0
github.com/larsks/airdancer/cmd/pfctl/main.go:98.58,100.4 1 0
github.com/larsks/airdancer/cmd/pfctl/main.go:101.10,104.13 3 0
github.com/larsks/airdancer/cmd/pfctl/main.go:108.64,109.19 1 0
github.com/larsks/airdancer/cmd/pfctl/main.go:109.19,111.3 1 0
github.com/larsks/airdancer/cmd/pfctl/main.go:113.2,114.16 2 0
github.com/larsks/airdancer/cmd/pfctl/main.go:115.16,116.24 1 0
github.com/larsks/airdancer/cmd/pfctl/main.go:117.17,118.25 1 0
github.com/larsks/airdancer/cmd/pfctl/main.go:119.10,120.87 1 0
github.com/larsks/airdancer/cmd/pfctl/main.go:124.65,125.19 1 0
github.com/larsks/airdancer/cmd/pfctl/main.go:125.19,127.3 1 0
github.com/larsks/airdancer/cmd/pfctl/main.go:129.2,129.27 1 0
github.com/larsks/airdancer/cmd/pfctl/main.go:129.27,131.22 2 0
github.com/larsks/airdancer/cmd/pfctl/main.go:131.22,133.4 1 0
github.com/larsks/airdancer/cmd/pfctl/main.go:135.3,139.17 4 0
github.com/larsks/airdancer/cmd/pfctl/main.go:139.17,141.4 1 0
github.com/larsks/airdancer/cmd/pfctl/main.go:143.3,143.14 1 0
github.com/larsks/airdancer/cmd/pfctl/main.go:143.14,145.4 1 0
github.com/larsks/airdancer/cmd/pfctl/main.go:147.3,148.17 2 0
github.com/larsks/airdancer/cmd/pfctl/main.go:148.17,150.4 1 0
github.com/larsks/airdancer/cmd/pfctl/main.go:152.3,152.59 1 0
github.com/larsks/airdancer/cmd/pfctl/main.go:152.59,154.4 1 0
github.com/larsks/airdancer/cmd/pfctl/main.go:156.3,156.47 1 0
github.com/larsks/airdancer/cmd/pfctl/main.go:159.2,159.12 1 0
github.com/larsks/airdancer/cmd/pfctl/main.go:162.67,163.19 1 0
github.com/larsks/airdancer/cmd/pfctl/main.go:163.19,165.3 1 0
github.com/larsks/airdancer/cmd/pfctl/main.go:167.2,172.6 4 0
github.com/larsks/airdancer/cmd/pfctl/main.go:172.6,174.17 2 0
github.com/larsks/airdancer/cmd/pfctl/main.go:174.17,176.4 1 0
github.com/larsks/airdancer/cmd/pfctl/main.go:178.3,178.20 1 0
github.com/larsks/airdancer/cmd/pfctl/main.go:178.20,180.21 2 0
github.com/larsks/airdancer/cmd/pfctl/main.go:180.21,182.5 1 0
github.com/larsks/airdancer/cmd/pfctl/main.go:183.4,184.16 2 0
github.com/larsks/airdancer/cmd/pfctl/main.go:187.3,187.46 1 0
github.com/larsks/airdancer/cmd/pfctl/main.go:187.46,189.4 1 0
github.com/larsks/airdancer/cmd/pfctl/main.go:191.3,191.36 1 0
github.com/larsks/airdancer/cmd/pfctl/main.go:195.42,197.16 2 0
github.com/larsks/airdancer/cmd/pfctl/main.go:197.16,199.3 1 0
github.com/larsks/airdancer/cmd/pfctl/main.go:201.2,202.26 2 0
github.com/larsks/airdancer/cmd/pfctl/main.go:202.26,205.3 2 0
github.com/larsks/airdancer/cmd/pfctl/main.go:206.2,210.25 3 0
github.com/larsks/airdancer/cmd/pfctl/main.go:210.25,213.3 2 0
github.com/larsks/airdancer/cmd/pfctl/main.go:215.2,215.12 1 0
github.com/larsks/airdancer/cmd/pfctl/main.go:218.43,220.16 2 0
github.com/larsks/airdancer/cmd/pfctl/main.go:220.16,222.3 1 0
github.com/larsks/airdancer/cmd/pfctl/main.go:224.2,225.26 2 0
github.com/larsks/airdancer/cmd/pfctl/main.go:225.26,228.3 2 0
github.com/larsks/airdancer/cmd/pfctl/main.go:229.2,233.25 3 0
github.com/larsks/airdancer/cmd/pfctl/main.go:233.25,236.3 2 0
github.com/larsks/airdancer/cmd/pfctl/main.go:238.2,238.12 1 0
github.com/larsks/airdancer/cmd/pfctl/main.go:247.65,248.19 1 0
github.com/larsks/airdancer/cmd/pfctl/main.go:248.19,250.3 1 0
github.com/larsks/airdancer/cmd/pfctl/main.go:252.2,253.27 2 0
github.com/larsks/airdancer/cmd/pfctl/main.go:253.27,255.17 2 0
github.com/larsks/airdancer/cmd/pfctl/main.go:255.17,257.4 1 0
github.com/larsks/airdancer/cmd/pfctl/main.go:258.3,258.36 1 0
github.com/larsks/airdancer/cmd/pfctl/main.go:261.2,261.19 1 0
github.com/larsks/airdancer/cmd/pfctl/main.go:261.19,263.3 1 0
github.com/larsks/airdancer/cmd/pfctl/main.go:263.8,265.3 1 0
github.com/larsks/airdancer/cmd/pfctl/main.go:267.2,268.19 2 0
github.com/larsks/airdancer/cmd/pfctl/main.go:268.19,270.3 1 0
github.com/larsks/airdancer/cmd/pfctl/main.go:272.2,272.33 1 0
github.com/larsks/airdancer/cmd/pfctl/main.go:272.33,274.3 1 0
github.com/larsks/airdancer/cmd/pfctl/main.go:276.2,276.19 1 0
github.com/larsks/airdancer/cmd/pfctl/main.go:276.19,278.3 1 0
github.com/larsks/airdancer/cmd/pfctl/main.go:278.8,279.10 1 0
github.com/larsks/airdancer/cmd/pfctl/main.go:282.2,282.12 1 0
github.com/larsks/airdancer/cmd/pfctl/main.go:285.53,287.38 2 0
github.com/larsks/airdancer/cmd/pfctl/main.go:287.38,289.3 1 0
github.com/larsks/airdancer/cmd/pfctl/main.go:291.2,292.16 2 0
github.com/larsks/airdancer/cmd/pfctl/main.go:292.16,294.3 1 0
github.com/larsks/airdancer/cmd/pfctl/main.go:295.2,295.13 1 0
github.com/larsks/airdancer/cmd/pfctl/main.go:295.13,297.3 1 0
github.com/larsks/airdancer/cmd/pfctl/main.go:299.2,300.16 2 0
github.com/larsks/airdancer/cmd/pfctl/main.go:300.16,302.3 1 0
github.com/larsks/airdancer/cmd/pfctl/main.go:303.2,303.17 1 0
github.com/larsks/airdancer/cmd/pfctl/main.go:303.17,305.3 1 0
github.com/larsks/airdancer/cmd/pfctl/main.go:307.2,308.21 2 0
github.com/larsks/airdancer/cmd/pfctl/main.go:308.21,310.17 2 0
github.com/larsks/airdancer/cmd/pfctl/main.go:310.17,312.4 1 0
github.com/larsks/airdancer/cmd/pfctl/main.go:313.3,313.37 1 0
github.com/larsks/airdancer/cmd/pfctl/main.go:313.37,315.4 1 0
github.com/larsks/airdancer/cmd/pfctl/main.go:318.2,322.8 1 0
github.com/larsks/airdancer/cmd/pfctl/main.go:325.73,329.6 3 0
github.com/larsks/airdancer/cmd/pfctl/main.go:329.6,330.53 1 0
github.com/larsks/airdancer/cmd/pfctl/main.go:330.53,333.4 2 0
github.com/larsks/airdancer/cmd/pfctl/main.go:335.3,335.55 1 0
github.com/larsks/airdancer/cmd/pfctl/main.go:335.55,338.4 2 0
github.com/larsks/airdancer/cmd/pfctl/main.go:339.3,341.53 2 0
github.com/larsks/airdancer/cmd/pfctl/main.go:341.53,344.4 2 0
github.com/larsks/airdancer/cmd/pfctl/main.go:346.3,346.55 1 0
github.com/larsks/airdancer/cmd/pfctl/main.go:346.55,349.4 2 0
github.com/larsks/airdancer/cmd/pfctl/main.go:350.3,350.22 1 0
github.com/larsks/airdancer/cmd/pfctl/main.go:354.49,355.35 1 0
github.com/larsks/airdancer/cmd/pfctl/main.go:356.25,357.16 1 0
github.com/larsks/airdancer/cmd/pfctl/main.go:358.27,359.16 1 0
github.com/larsks/airdancer/cmd/pfctl/main.go:360.10,361.77 1 0
github.com/larsks/airdancer/cmd/configvalidate/main.go:19.13,29.18 3 0
github.com/larsks/airdancer/cmd/configvalidate/main.go:29.18,32.3 2 0
github.com/larsks/airdancer/cmd/configvalidate/main.go:34.2,34.15 1 0
github.com/larsks/airdancer/cmd/configvalidate/main.go:34.15,37.3 2 0
github.com/larsks/airdancer/cmd/configvalidate/main.go:39.2,39.23 1 0
github.com/larsks/airdancer/cmd/configvalidate/main.go:39.23,43.3 3 0
github.com/larsks/airdancer/cmd/configvalidate/main.go:45.2,45.23 1 0
github.com/larsks/airdancer/cmd/configvalidate/main.go:45.23,49.3 3 0
github.com/larsks/airdancer/cmd/configvalidate/main.go:52.2,52.56 1 0
github.com/larsks/airdancer/cmd/configvalidate/main.go:52.56,55.3 2 0
github.com/larsks/airdancer/cmd/configvalidate/main.go:57.2,58.21 2 0
github.com/larsks/airdancer/cmd/configvalidate/main.go:59.13,60.39 1 0
github.com/larsks/airdancer/cmd/configvalidate/main.go:61.12,62.38 1 0
github.com/larsks/airdancer/cmd/configvalidate/main.go:63.17,64.43 1 0
github.com/larsks/airdancer/cmd/configvalidate/main.go:65.17,66.43 1 0
github.com/larsks/airdancer/cmd/configvalidate/main.go:67.10,69.13 2 0
github.com/larsks/airdancer/cmd/configvalidate/main.go:72.2,72.16 1 0
github.com/larsks/airdancer/cmd/configvalidate/main.go:72.16,75.3 2 0
github.com/larsks/airdancer/cmd/configvalidate/main.go:77.2,77.85 1 0
github.com/larsks/airdancer/cmd/configvalidate/main.go:81.77,83.21 2 0
github.com/larsks/airdancer/cmd/configvalidate/main.go:83.21,85.3 1 0
github.com/larsks/airdancer/cmd/configvalidate/main.go:87.2,90.38 3 0
github.com/larsks/airdancer/cmd/configvalidate/main.go:90.38,92.3 1 0
github.com/larsks/airdancer/cmd/configvalidate/main.go:94.2,94.63 1 0
github.com/larsks/airdancer/cmd/configvalidate/main.go:94.63,96.3 1 0
github.com/larsks/airdancer/cmd/configvalidate/main.go:98.2,98.12 1 0
github.com/larsks/airdancer/cmd/configvalidate/main.go:101.14,113.2 9 0
github.com/larsks/airdancer/cmd/configvalidate/main.go:115.49,118.15 2 0
github.com/larsks/airdancer/cmd/configvalidate/main.go:118.15,118.52 1 0
github.com/larsks/airdancer/cmd/configvalidate/main.go:121.2,130.60 5 0
github.com/larsks/airdancer/cmd/configvalidate/main.go:130.60,132.3 1 0
github.com/larsks/airdancer/cmd/configvalidate/main.go:135.2,148.47 5 0
github.com/larsks/airdancer/cmd/configvalidate/main.go:148.47,150.3 1 0
github.com/larsks/airdancer/cmd/configvalidate/main.go:153.2,153.51 1 0
github.com/larsks/airdancer/cmd/configvalidate/main.go:153.51,155.3 1 0
github.com/larsks/airdancer/cmd/configvalidate/main.go:158.2,159.45 2 0
github.com/larsks/airdancer/cmd/configvalidate/main.go:159.45,160.28 1 0
github.com/larsks/airdancer/cmd/configvalidate/main.go:160.28,162.4 1 0
github.com/larsks/airdancer/cmd/configvalidate/main.go:164.3,164.39 1 0
github.com/larsks/airdancer/cmd/configvalidate/main.go:164.39,166.4 1 0
github.com/larsks/airdancer/cmd/configvalidate/main.go:167.3,169.30 2 0
github.com/larsks/airdancer/cmd/configvalidate/main.go:169.30,171.4 1 0
github.com/larsks/airdancer/cmd/configvalidate/main.go:173.3,173.99 1 0
github.com/larsks/airdancer/cmd/configvalidate/main.go:173.99,175.4 1 0
github.com/larsks/airdancer/cmd/configvalidate/main.go:178.3,178.28 1 0
github.com/larsks/airdancer/cmd/configvalidate/main.go:179.16,180.68 1 0
github.com/larsks/airdancer/cmd/configvalidate/main.go:180.68,181.60 1 0
github.com/larsks/airdancer/cmd/configvalidate/main.go:181.60,182.58 1 0
github.com/larsks/airdancer/cmd/configvalidate/main.go:182.58,184.7 1 0
github.com/larsks/airdancer/cmd/configvalidate/main.go:187.17,188.68 1 0
github.com/larsks/airdancer/cmd/configvalidate/main.go:188.68,189.49 1 0
github.com/larsks/airdancer/cmd/configvalidate/main.go:189.49,190.65 1 0
github.com/larsks/airdancer/cmd/configvalidate/main.go:190.65,192.7 1 0
github.com/larsks/airdancer/cmd/configvalidate/main.go:195.15,196.68 1 0
github.com/larsks/airdancer/cmd/configvalidate/main.go:196.68,197.45 1 0
github.com/larsks/airdancer/cmd/configvalidate/main.go:197.45,198.72 1 0
github.com/larsks/airdancer/cmd/configvalidate/main.go:198.72,200.7 1 0
github.com/larsks/airdancer/cmd/configvalidate/main.go:207.2,208.34 2 0
github.com/larsks/airdancer/cmd/configvalidate/main.go:208.34,209.20 1 0
github.com/larsks/airdancer/cmd/configvalidate/main.go:209.20,211.4 1 0
github.com/larsks/airdancer/cmd/configvalidate/main.go:213.3,213.27 1 0
github.com/larsks/airdancer/cmd/configvalidate/main.go:213.27,215.4 1 0
github.com/larsks/airdancer/cmd/configvalidate/main.go:216.3,218.20 2 0
github.com/larsks/airdancer/cmd/configvalidate/main.go:218.20,220.4 1 0
github.com/larsks/airdancer/cmd/configvalidate/main.go:223.3,223.70 1 0
github.com/larsks/airdancer/cmd/configvalidate/main.go:223.70,225.4 1 0
github.com/larsks/airdancer/cmd/configvalidate/main.go:228.2,228.12 1 0
github.com/larsks/airdancer/cmd/configvalidate/main.go:231.48,234.15 2 0
github.com/larsks/airdancer/cmd/configvalidate/main.go:234.15,234.52 1 0
github.com/larsks/airdancer/cmd/configvalidate/main.go:237.2,246.60 5 0
github.com/larsks/airdancer/cmd/configvalidate/main.go:246.60,248.3 1 0
github.com/larsks/airdancer/cmd/configvalidate/main.go:251.2,263.47 5 0
github.com/larsks/airdancer/cmd/configvalidate/main.go:263.47,265.3 1 0
github.com/larsks/airdancer/cmd/configvalidate/main.go:268.2,268.51 1 0
github.com/larsks/airdancer/cmd/configvalidate/main.go:268.51,270.3 1 0
github.com/larsks/airdancer/cmd/configvalidate/main.go:272.2,272.26 1 0
github.com/larsks/airdancer/cmd/configvalidate/main.go:272.26,274.3 1 0
github.com/larsks/airdancer/cmd/configvalidate/main.go:276.2,276.12 1 0
github.com/larsks/airdancer/cmd/configvalidate/main.go:279.53,282.15 2 0
github.com/larsks/airdancer/cmd/configvalidate/main.go:282.15,282.52 1 0
github.com/larsks/airdancer/cmd/configvalidate/main.go:285.2,294.60 5 0
github.com/larsks/airdancer/cmd/configvalidate/main.go:294.60,296.3 1 0
github.com/larsks/airdancer/cmd/configvalidate/main.go:299.2,299.51 1 0
github.com/larsks/airdancer/cmd/configvalidate/main.go:299.51,301.3 1 0
github.com/larsks/airdancer/cmd/configvalidate/main.go:304.2,304.39 1 0
github.com/larsks/airdancer/cmd/configvalidate/main.go:304.39,306.3 1 0
github.com/larsks/airdancer/cmd/configvalidate/main.go:309.2,309.54 1 0
github.com/larsks/airdancer/cmd/configvalidate/main.go:309.54,311.3 1 0
github.com/larsks/airdancer/cmd/configvalidate/main.go:313.2,313.12 1 0
github.com/larsks/airdancer/cmd/configvalidate/main.go:317.58,319.27 1 0
github.com/larsks/airdancer/cmd/configvalidate/main.go:319.27,321.3 1 0
github.com/larsks/airdancer/cmd/configvalidate/main.go:323.2,323.49 1 0
github.com/larsks/airdancer/cmd/configvalidate/main.go:323.49,325.3 1 0
github.com/larsks/airdancer/cmd/configvalidate/main.go:327.2,327.29 1 0
github.com/larsks/airdancer/cmd/configvalidate/main.go:327.29,329.3 1 0
github.com/larsks/airdancer/cmd/configvalidate/main.go:331.2,331.29 1 0
github.com/larsks/airdancer/cmd/configvalidate/main.go:331.29,333.3 1 0
github.com/larsks/airdancer/cmd/configvalidate/main.go:336.2,336.57 1 0
github.com/larsks/airdancer/cmd/configvalidate/main.go:336.57,338.3 1 0
github.com/larsks/airdancer/cmd/configvalidate/main.go:341.2,341.38 1 0
github.com/larsks/airdancer/cmd/configvalidate/main.go:341.38,342.28 1 0
github.com/larsks/airdancer/cmd/configvalidate/main.go:342.28,344.4 1 0
github.com/larsks/airdancer/cmd/configvalidate/main.go:347.3,347.66 1 0
github.com/larsks/airdancer/cmd/configvalidate/main.go:347.66,349.4 1 0
github.com/larsks/airdancer/cmd/configvalidate/main.go:352.3,352.33 1 0
github.com/larsks/airdancer/cmd/configvalidate/main.go:352.33,354.4 1 0
github.com/larsks/airdancer/cmd/configvalidate/main.go:357.3,357.44 1 0
github.com/larsks/airdancer/cmd/configvalidate/main.go:357.44,358.34 1 0
github.com/larsks/airdancer/cmd/configvalidate/main.go:358.34,360.5 1 0
github.com/larsks/airdancer/cmd/configvalidate/main.go:363.4,363.66 1 0
github.com/larsks/airdancer/cmd/configvalidate/main.go:363.66,365.5 1 0
github.com/larsks/airdancer/cmd/configvalidate/main.go:369.2,369.12 1 0
github.com/larsks/airdancer/cmd/configvalidate/main.go:372.53,375.15 2 0
github.com/larsks/airdancer/cmd/configvalidate/main.go:375.15,375.52 1 0
github.com/larsks/airdancer/cmd/configvalidate/main.go:378.2,387.60 5 0
github.com/larsks/airdancer/cmd/configvalidate/main.go:387.60,389.3 1 0
github.com/larsks/airdancer/cmd/configvalidate/main.go:392.2,392.41 1 0
github.com/larsks/airdancer/cmd/configvalidate/main.go:392.41,394.3 1 0
github.com/larsks/airdancer/cmd/configvalidate/main.go:397.2,397.39 1 0
github.com/larsks/airdancer/cmd/configvalidate/main.go:397.39,399.3 1 0
github.com/larsks/airdancer/cmd/configvalidate/main.go:401.2,401.12 1 0
github.com/larsks/airdancer/internal/buttondriver/common/interface.go:63.44,64.13 1 0
github.com/larsks/airdancer/internal/buttondriver/common/interface.go:65.21,66.19 1 0
github.com/larsks/airdancer/internal/buttondriver/common/interface.go:67.22,68.20 1 0
github.com/larsks/airdancer/internal/buttondriver/common/interface.go:69.10,70.19 1 0
github.com/larsks/airdancer/internal/buttondriver/common/interface.go:75.40,77.2 1 0
github.com/larsks/airdancer/internal/buttondriver/common/interface.go:80.41,82.2 1 0
github.com/larsks/airdancer/internal/buttondriver/gpio/gpio.go:60.100,61.39 1 0
github.com/larsks/airdancer/internal/buttondriver/gpio/gpio.go:61.39,63.3 1 0
github.com/larsks/airdancer/internal/buttondriver/gpio/gpio.go:65.2,71.8 1 0
github.com/larsks/airdancer/internal/buttondriver/gpio/gpio.go:75.59,77.2 1 0
github.com/larsks/airdancer/internal/buttondriver/gpio/gpio.go:80.65,84.16 3 0
github.com/larsks/airdancer/internal/buttondriver/gpio/gpio.go:84.16,86.3 1 0
github.com/larsks/airdancer/internal/buttondriver/gpio/gpio.go:88.2,89.9 2 0
github.com/larsks/airdancer/internal/buttondriver/gpio/gpio.go:89.9,91.3 1 0
github.com/larsks/airdancer/internal/buttondriver/gpio/gpio.go:93.2,93.40 1 0
github.com/larsks/airdancer/internal/buttondriver/gpio/gpio.go:93.40,95.3 1 0
github.com/larsks/airdancer/internal/buttondriver/gpio/gpio.go:98.2,98.45 1 0
github.com/larsks/airdancer/internal/buttondriver/gpio/gpio.go:98.45,100.3 1 0
github.com/larsks/airdancer/internal/buttondriver/gpio/gpio.go:102.2,103.16 2 0
github.com/larsks/airdancer/internal/buttondriver/gpio/gpio.go:103.16,105.3 1 0
github.com/larsks/airdancer/internal/buttondriver/gpio/gpio.go:108.2,109.26 2 0
github.com/larsks/airdancer/internal/buttondriver/gpio/gpio.go:109.26,111.3 1 0
github.com/larsks/airdancer/internal/buttondriver/gpio/gpio.go:114.2,115.53 2 0
github.com/larsks/airdancer/internal/buttondriver/gpio/gpio.go:115.53,117.3 1 0
github.com/larsks/airdancer/internal/buttondriver/gpio/gpio.go:120.2,121.22 2 0
github.com/larsks/airdancer/internal/buttondriver/gpio/gpio.go:121.22,123.3 1 0
github.com/larsks/airdancer/internal/buttondriver/gpio/gpio.go:125.2,139.12 5 0
github.com/larsks/airdancer/internal/buttondriver/gpio/gpio.go:144.54,152.2 2 0
github.com/larsks/airdancer/internal/buttondriver/gpio/gpio.go:155.39,159.16 3 0
github.com/larsks/airdancer/internal/buttondriver/gpio/gpio.go:159.16,161.3 1 0
github.com/larsks/airdancer/internal/buttondriver/gpio/gpio.go:163.2,163.23 1 0
github.com/larsks/airdancer/internal/buttondriver/gpio/gpio.go:163.23,165.3 1 0
github.com/larsks/airdancer/internal/buttondriver/gpio/gpio.go:167.2,168.36 2 0
github.com/larsks/airdancer/internal/buttondriver/gpio/gpio.go:168.36,171.3 2 0
github.com/larsks/airdancer/internal/buttondriver/gpio/gpio.go:173.2,174.12 2 0
github.com/larsks/airdancer/internal/buttondriver/gpio/gpio.go:178.32,182.17 3 0
github.com/larsks/airdancer/internal/buttondriver/gpio/gpio.go:182.17,184.3 1 0
github.com/larsks/airdancer/internal/buttondriver/gpio/gpio.go:186.2,190.46 5 0
github.com/larsks/airdancer/internal/buttondriver/gpio/gpio.go:194.60,196.2 1 0
github.com/larsks/airdancer/internal/buttondriver/gpio/gpio.go:199.47,204.28 4 0
github.com/larsks/airdancer/internal/buttondriver/gpio/gpio.go:204.28,206.3 1 0
github.com/larsks/airdancer/internal/buttondriver/gpio/gpio.go:207.2,207.16 1 0
github.com/larsks/airdancer/internal/buttondriver/gpio/gpio.go:211.58,219.6 4 0
github.com/larsks/airdancer/internal/buttondriver/gpio/gpio.go:219.6,220.10 1 0
github.com/larsks/airdancer/internal/buttondriver/gpio/gpio.go:221.25,222.10 1 0
github.com/larsks/airdancer/internal/buttondriver/gpio/gpio.go:223.19,224.31 1 0
github.com/larsks/airdancer/internal/buttondriver/gpio/gpio.go:230.61,238.44 5 0
github.com/larsks/airdancer/internal/buttondriver/gpio/gpio.go:238.44,244.3 4 0
github.com/larsks/airdancer/internal/buttondriver/gpio/gpio.go:247.2,247.85 1 0
github.com/larsks/airdancer/internal/buttondriver/gpio/gpio.go:247.85,250.42 1 0
github.com/larsks/airdancer/internal/buttondriver/gpio/gpio.go:250.42,256.20 4 0
github.com/larsks/airdancer/internal/buttondriver/gpio/gpio.go:256.20,258.5 1 0
github.com/larsks/airdancer/internal/buttondriver/gpio/gpio.go:260.4,271.11 2 0
github.com/larsks/airdancer/internal/buttondriver/gpio/gpio.go:272.34,272.34 0 0
github.com/larsks/airdancer/internal/buttondriver/gpio/gpio.go:273.12,274.92 1 0
github.com/larsks/airdancer/internal/buttondriver/gpio/gpio.go:276.9,279.4 1 0
github.com/larsks/airdancer/internal/buttondriver/gpio/gpio.go:284.83,287.2 2 0
github.com/larsks/airdancer/internal/buttondriver/gpio/gpio.go:290.44,292.28 2 0
github.com/larsks/airdancer/internal/buttondriver/gpio/gpio.go:292.28,294.3 1 0
github.com/larsks/airdancer/internal/buttondriver/gpio/gpio.go:295.2,295.13 1 0
github.com/larsks/airdancer/internal/buttondriver/gpio/gpio.go:299.58,301.2 1 0
github.com/larsks/airdancer/internal/buttondriver/gpio/gpio.go:304.63,306.2 1 0
github.com/larsks/airdancer/internal/buttondriver/gpio/gpio.go:309.87,310.18 1 0
github.com/larsks/airdancer/internal/buttondriver/gpio/gpio.go:311.14,312.21 1 0
github.com/larsks/airdancer/internal/buttondriver/gpio/gpio.go:313.16,314.23 1 0
github.com/larsks/airdancer/internal/buttondriver/gpio/gpio.go:315.16,317.17 1 0
github.com/larsks/airdancer/internal/buttondriver/gpio/gpio.go:317.17,319.4 1 0
github.com/larsks/airdancer/internal/buttondriver/gpio/gpio.go:320.3,320.21 1 0
github.com/larsks/airdancer/internal/buttondriver/gpio/gpio.go:321.16,322.14 1 0
github.com/larsks/airdancer/internal/buttondriver/gpio/gpio.go:323.10,324.27 1 0
github.com/larsks/airdancer/internal/buttondriver/gpio/gpio.go:329.82,330.18 1 0
github.com/larsks/airdancer/internal/buttondriver/gpio/gpio.go:331.14,332.14 1 0
github.com/larsks/airdancer/internal/buttondriver/gpio/gpio.go:333.16,334.16 1 0
github.com/larsks/airdancer/internal/buttondriver/gpio/gpio.go:335.16,336.17 1 0
github.com/larsks/airdancer/internal/buttondriver/gpio/gpio.go:336.17,338.4 1 0
github.com/larsks/airdancer/internal/buttondriver/gpio/gpio.go:339.3,339.21 1 0
github.com/larsks/airdancer/internal/buttondriver/gpio/gpio.go:340.16,341.14 1 0
github.com/larsks/airdancer/internal/buttondriver/gpio/gpio.go:342.10,343.16 1 0
github.com/larsks/airdancer/internal/buttondriver/gpio/gpio.go:348.48,350.2 1 0
github.com/larsks/airdancer/internal/buttondriver/gpio/spec.go:30.58,36.2 1 0
github.com/larsks/airdancer/internal/buttondriver/gpio/spec.go:38.74,41.2 2 0
github.com/larsks/airdancer/internal/buttondriver/gpio/spec.go:43.59,46.2 2 0
github.com/larsks/airdancer/internal/buttondriver/gpio/spec.go:48.81,51.2 2 0
github.com/larsks/airdancer/internal/buttondriver/gpio/spec.go:56.64,58.20 2 0
github.com/larsks/airdancer/internal/buttondriver/gpio/spec.go:58.20,60.3 1 0
github.com/larsks/airdancer/internal/buttondriver/gpio/spec.go:62.2,65.16 3 0
github.com/larsks/airdancer/internal/buttondriver/gpio/spec.go:65.16,67.3 1 0
github.com/larsks/airdancer/internal/buttondriver/gpio/spec.go:68.2,68.15 1 0
github.com/larsks/airdancer/internal/buttondriver/gpio/spec.go:68.15,70.3 1 0
github.com/larsks/airdancer/internal/buttondriver/gpio/spec.go:73.2,77.34 3 0
github.com/larsks/airdancer/internal/buttondriver/gpio/spec.go:77.34,79.16 2 0
github.com/larsks/airdancer/internal/buttondriver/gpio/spec.go:80.22,81.21 1 0
github.com/larsks/airdancer/internal/buttondriver/gpio/spec.go:82.21,83.22 1 0
github.com/larsks/airdancer/internal/buttondriver/gpio/spec.go:84.20,85.23 1 0
github.com/larsks/airdancer/internal/buttondriver/gpio/spec.go:86.18,87.21 1 0
github.com/larsks/airdancer/internal/buttondriver/gpio/spec.go:88.20,89.23 1 0
github.com/larsks/airdancer/internal/buttondriver/gpio/spec.go:90.20,91.23 1 0
github.com/larsks/airdancer/internal/buttondriver/gpio/spec.go:92.11,93.58 1 0
github.com/larsks/airdancer/internal/buttondriver/gpio/spec.go:97.2,102.8 1 0
github.com/larsks/airdancer/internal/buttondriver/gpio/spec.go:106.46,108.2 1 0
github.com/larsks/airdancer/internal/buttondriver/gpio/spec.go:111.48,113.2 1 0
github.com/larsks/airdancer/internal/buttondriver/gpio/spec.go:116.46,117.21 1 0
github.com/larsks/airdancer/internal/buttondriver/gpio/spec.go:117.21,119.3 1 0
github.com/larsks/airdancer/internal/buttondriver/gpio/spec.go:120.2,120.20 1 0
github.com/larsks/airdancer/internal/buttondriver/gpio/spec.go:120.20,122.3 1 0
github.com/larsks/airdancer/internal/buttondriver/gpio/spec.go:123.2,123.12 1 0
github.com/larsks/airdancer/internal/buttondriver/gpio/spec.go:127.45,129.22 2 0
github.com/larsks/airdancer/internal/buttondriver/gpio/spec.go:129.22,131.3 1 0
github.com/larsks/airdancer/internal/buttondriver/gpio/spec.go:133.2,134.23 2 0
github.com/larsks/airdancer/internal/buttondriver/gpio/spec.go:135.16,136.24 1 0
github.com/larsks/airdancer/internal/buttondriver/gpio/spec.go:137.14,138.22 1 0
github.com/larsks/airdancer/internal/buttondriver/gpio/spec.go:139.16,140.24 1 0
github.com/larsks/airdancer/internal/buttondriver/gpio/spec.go:141.16,142.24 1 0
github.com/larsks/airdancer/internal/buttondriver/gpio/spec.go:145.2,145.76 1 0
github.com/larsks/airdancer/internal/api/handlers.go:53.63,55.2 1 1
github.com/larsks/airdancer/internal/api/handlers.go:57.77,59.2 1 1
github.com/larsks/airdancer/internal/api/handlers.go:61.82,65.2 3 1
github.com/larsks/airdancer/internal/api/handlers.go:67.72,70.25 2 1
github.com/larsks/airdancer/internal/api/handlers.go:70.25,72.3 1 0
github.com/larsks/airdancer/internal/api/handlers.go:72.8,74.3 1 1
github.com/larsks/airdancer/internal/api/handlers.go:77.127,79.37 1 1
github.com/larsks/airdancer/internal/api/handlers.go:79.37,83.3 3 0
github.com/larsks/airdancer/internal/api/handlers.go:86.2,86.41 1 1
github.com/larsks/airdancer/internal/api/handlers.go:86.41,87.26 1 0
github.com/larsks/airdancer/internal/api/handlers.go:87.26,89.41 2 0
github.com/larsks/airdancer/internal/api/handlers.go:89.41,91.5 1 0
github.com/larsks/airdancer/internal/api/handlers.go:93.3,93.27 1 0
github.com/larsks/airdancer/internal/api/handlers.go:97.2,97.19 1 1
github.com/larsks/airdancer/internal/api/handlers.go:98.21,99.37 1 1
github.com/larsks/airdancer/internal/api/handlers.go:99.37,101.4 1 0
github.com/larsks/airdancer/internal/api/handlers.go:102.22,103.38 1 0
github.com/larsks/airdancer/internal/api/handlers.go:103.38,105.4 1 0
github.com/larsks/airdancer/internal/api/handlers.go:106.25,111.17 4 0
github.com/larsks/airdancer/internal/api/handlers.go:111.17,113.4 1 0
github.com/larsks/airdancer/internal/api/handlers.go:115.3,115.12 1 0
github.com/larsks/airdancer/internal/api/handlers.go:115.12,117.4 1 0
github.com/larsks/airdancer/internal/api/handlers.go:117.9,119.4 1 0
github.com/larsks/airdancer/internal/api/handlers.go:121.3,121.17 1 0
github.com/larsks/airdancer/internal/api/handlers.go:121.17,123.4 1 0
github.com/larsks/airdancer/internal/api/handlers.go:126.3,126.13 1 0
github.com/larsks/airdancer/internal/api/handlers.go:127.24,129.27 2 0
github.com/larsks/airdancer/internal/api/handlers.go:129.27,131.4 1 0
github.com/larsks/airdancer/internal/api/handlers.go:133.3,134.17 2 0
github.com/larsks/airdancer/internal/api/handlers.go:134.17,136.4 1 0
github.com/larsks/airdancer/internal/api/handlers.go:137.3,139.44 3 0
github.com/larsks/airdancer/internal/api/handlers.go:139.44,141.4 1 0
github.com/larsks/airdancer/internal/api/handlers.go:145.2,145.25 1 1
github.com/larsks/airdancer/internal/api/handlers.go:145.25,150.43 3 0
github.com/larsks/airdancer/internal/api/handlers.go:150.43,155.40 4 0
github.com/larsks/airdancer/internal/api/handlers.go:155.40,157.6 1 0
github.com/larsks/airdancer/internal/api/handlers.go:158.5,158.71 1 0
github.com/larsks/airdancer/internal/api/handlers.go:163.2,163.12 1 1
github.com/larsks/airdancer/internal/api/handlers.go:166.76,173.36 4 0
github.com/larsks/airdancer/internal/api/handlers.go:173.36,177.3 3 0
github.com/larsks/airdancer/internal/api/handlers.go:180.2,180.40 1 0
github.com/larsks/airdancer/internal/api/handlers.go:180.40,182.40 2 0
github.com/larsks/airdancer/internal/api/handlers.go:182.40,184.4 1 0
github.com/larsks/airdancer/internal/api/handlers.go:185.3,185.27 1 0
github.com/larsks/airdancer/internal/api/handlers.go:189.2,190.53 2 0
github.com/larsks/airdancer/internal/api/handlers.go:190.53,191.90 1 0
github.com/larsks/airdancer/internal/api/handlers.go:191.90,193.4 1 0
github.com/larsks/airdancer/internal/api/handlers.go:196.2,196.21 1 0
github.com/larsks/airdancer/internal/api/handlers.go:196.21,199.3 2 0
github.com/larsks/airdancer/internal/api/handlers.go:200.2,200.23 1 0
github.com/larsks/airdancer/internal/api/handlers.go:203.96,211.42 4 1
github.com/larsks/airdancer/internal/api/handlers.go:211.42,212.26 1 0
github.com/larsks/airdancer/internal/api/handlers.go:212.26,214.41 2 0
github.com/larsks/airdancer/internal/api/handlers.go:214.41,217.5 2 0
github.com/larsks/airdancer/internal/api/handlers.go:218.4,218.29 1 0
github.com/larsks/airdancer/internal/api/handlers.go:222.2,222.38 1 1
github.com/larsks/airdancer/internal/api/handlers.go:222.38,226.45 3 0
github.com/larsks/airdancer/internal/api/handlers.go:226.45,227.58 1 0
github.com/larsks/airdancer/internal/api/handlers.go:227.58,229.5 1 0
github.com/larsks/airdancer/internal/api/handlers.go:231.3,231.26 1 0
github.com/larsks/airdancer/internal/api/handlers.go:234.2,235.13 2 1
github.com/larsks/airdancer/internal/api/handlers.go:235.13,238.3 2 0
github.com/larsks/airdancer/internal/api/handlers.go:240.2,240.89 1 1
github.com/larsks/airdancer/internal/api/handlers.go:240.89,243.3 2 0
github.com/larsks/airdancer/internal/api/handlers.go:244.2,244.23 1 1
github.com/larsks/airdancer/internal/api/handlers.go:247.90,250.16 3 1
github.com/larsks/airdancer/internal/api/handlers.go:250.16,252.3 1 0
github.com/larsks/airdancer/internal/api/handlers.go:254.2,259.19 3 1
github.com/larsks/airdancer/internal/api/handlers.go:259.19,261.3 1 1
github.com/larsks/airdancer/internal/api/handlers.go:263.2,263.41 1 1
github.com/larsks/airdancer/internal/api/handlers.go:263.41,264.26 1 0
github.com/larsks/airdancer/internal/api/handlers.go:264.26,271.4 5 0
github.com/larsks/airdancer/internal/api/handlers.go:274.2,274.37 1 1
github.com/larsks/airdancer/internal/api/handlers.go:274.37,277.3 2 0
github.com/larsks/airdancer/internal/api/handlers.go:279.2,279.23 1 1
github.com/larsks/airdancer/internal/api/handlers.go:282.78,288.25 4 1
github.com/larsks/airdancer/internal/api/handlers.go:288.25,290.3 1 1
github.com/larsks/airdancer/internal/api/handlers.go:290.8,292.3 1 1
github.com/larsks/airdancer/internal/api/handlers.go:295.65,305.53 4 1
github.com/larsks/airdancer/internal/api/handlers.go:305.53,307.17 2 1
github.com/larsks/airdancer/internal/api/handlers.go:307.17,310.4 2 0
github.com/larsks/airdancer/internal/api/handlers.go:313.3,315.33 2 1
github.com/larsks/airdancer/internal/api/handlers.go:315.33,317.4 1 1
github.com/larsks/airdancer/internal/api/handlers.go:320.2,322.11 3 1
github.com/larsks/airdancer/internal/api/handlers.go:322.11,324.3 1 0
github.com/larsks/airdancer/internal/api/handlers.go:326.2,326.42 1 1
github.com/larsks/airdancer/internal/api/handlers.go:326.42,327.26 1 0
github.com/larsks/airdancer/internal/api/handlers.go:327.26,329.4 1 0
github.com/larsks/airdancer/internal/api/handlers.go:332.2,332.28 1 1
github.com/larsks/airdancer/internal/api/handlers.go:335.85,338.13 2 1
github.com/larsks/airdancer/internal/api/handlers.go:338.13,341.3 2 0
github.com/larsks/airdancer/internal/api/handlers.go:343.2,344.16 2 1
github.com/larsks/airdancer/internal/api/handlers.go:344.16,347.3 2 0
github.com/larsks/airdancer/internal/api/handlers.go:349.2,349.28 1 1
github.com/larsks/airdancer/internal/api/handlers.go:352.76,355.2 2 0
github.com/larsks/airdancer/internal/api/middleware.go:19.69,20.71 1 1
github.com/larsks/airdancer/internal/api/middleware.go:20.71,23.23 2 1
github.com/larsks/airdancer/internal/api/middleware.go:23.23,26.4 2 1
github.com/larsks/airdancer/internal/api/middleware.go:28.3,28.26 1 1
github.com/larsks/airdancer/internal/api/middleware.go:28.26,29.52 1 1
github.com/larsks/airdancer/internal/api/middleware.go:29.52,32.5 2 1
github.com/larsks/airdancer/internal/api/middleware.go:35.3,35.23 1 1
github.com/larsks/airdancer/internal/api/middleware.go:40.70,41.71 1 1
github.com/larsks/airdancer/internal/api/middleware.go:41.71,43.61 2 1
github.com/larsks/airdancer/internal/api/middleware.go:43.61,46.4 2 1
github.com/larsks/airdancer/internal/api/middleware.go:48.3,48.23 1 1
github.com/larsks/airdancer/internal/api/middleware.go:53.72,54.71 1 1
github.com/larsks/airdancer/internal/api/middleware.go:54.71,56.62 2 1
github.com/larsks/airdancer/internal/api/middleware.go:56.62,59.4 2 1
github.com/larsks/airdancer/internal/api/middleware.go:62.3,62.131 1 1
github.com/larsks/airdancer/internal/api/middleware.go:62.131,65.4 2 1
github.com/larsks/airdancer/internal/api/middleware.go:68.3,68.48 1 1
github.com/larsks/airdancer/internal/api/middleware.go:68.48,71.4 2 1
github.com/larsks/airdancer/internal/api/middleware.go:73.3,73.27 1 1
github.com/larsks/airdancer/internal/api/middleware.go:73.27,74.25 1 0
github.com/larsks/airdancer/internal/api/middleware.go:74.25,77.5 2 0
github.com/larsks/airdancer/internal/api/middleware.go:78.4,78.24 1 0
github.com/larsks/airdancer/internal/api/middleware.go:78.24,81.5 2 0
github.com/larsks/airdancer/internal/api/middleware.go:83.4,83.74 1 0
github.com/larsks/airdancer/internal/api/middleware.go:83.74,86.5 2 0
github.com/larsks/airdancer/internal/api/middleware.go:90.3,91.40 2 1
github.com/larsks/airdancer/internal/api/middleware.go:96.71,97.71 1 1
github.com/larsks/airdancer/internal/api/middleware.go:97.71,100.26 2 1
github.com/larsks/airdancer/internal/api/middleware.go:100.26,101.52 1 1
github.com/larsks/airdancer/internal/api/middleware.go:101.52,104.5 2 1
github.com/larsks/airdancer/internal/api/middleware.go:107.3,107.23 1 1
github.com/larsks/airdancer/internal/api/server.go:89.26,96.2 1 1
github.com/larsks/airdancer/internal/api/server.go:100.46,104.2 3 1
github.com/larsks/airdancer/internal/api/server.go:108.37,121.2 4 1
github.com/larsks/airdancer/internal/api/server.go:124.104,125.30 1 1
github.com/larsks/airdancer/internal/api/server.go:126.16,128.79 2 0
github.com/larsks/airdancer/internal/api/server.go:128.79,130.4 1 0
github.com/larsks/airdancer/internal/api/server.go:132.3,133.19 2 0
github.com/larsks/airdancer/internal/api/server.go:133.19,135.4 1 0
github.com/larsks/airdancer/internal/api/server.go:137.3,138.17 2 0
github.com/larsks/airdancer/internal/api/server.go:138.17,140.4 1 0
github.com/larsks/airdancer/internal/api/server.go:141.3,141.17 1 0
github.com/larsks/airdancer/internal/api/server.go:143.14,145.81 2 0
github.com/larsks/airdancer/internal/api/server.go:145.81,147.4 1 0
github.com/larsks/airdancer/internal/api/server.go:149.3,150.17 2 0
github.com/larsks/airdancer/internal/api/server.go:150.17,152.4 1 0
github.com/larsks/airdancer/internal/api/server.go:153.3,153.17 1 0
github.com/larsks/airdancer/internal/api/server.go:155.15,157.82 2 1
github.com/larsks/airdancer/internal/api/server.go:157.82,159.4 1 0
github.com/larsks/airdancer/internal/api/server.go:161.3,161.32 1 1
github.com/larsks/airdancer/internal/api/server.go:161.32,163.4 1 0
github.com/larsks/airdancer/internal/api/server.go:165.3,165.78 1 1
github.com/larsks/airdancer/internal/api/server.go:167.10,168.113 1 1
github.com/larsks/airdancer/internal/api/server.go:173.84,176.28 1 1
github.com/larsks/airdancer/internal/api/server.go:177.27,178.53 1 0
github.com/larsks/airdancer/internal/api/server.go:178.53,180.4 1 0
github.com/larsks/airdancer/internal/api/server.go:181.3,181.62 1 0
github.com/larsks/airdancer/internal/api/server.go:181.62,183.4 1 0
github.com/larsks/airdancer/internal/api/server.go:183.9,183.68 1 0
github.com/larsks/airdancer/internal/api/server.go:183.68,185.4 1 0
github.com/larsks/airdancer/internal/api/server.go:186.25,187.56 1 0
github.com/larsks/airdancer/internal/api/server.go:187.56,189.29 2 0
github.com/larsks/airdancer/internal/api/server.go:189.29,190.39 1 0
github.com/larsks/airdancer/internal/api/server.go:190.39,192.6 1 0
github.com/larsks/airdancer/internal/api/server.go:194.9,194.58 1 0
github.com/larsks/airdancer/internal/api/server.go:194.58,196.4 1 0
github.com/larsks/airdancer/internal/api/server.go:197.26,198.62 1 1
github.com/larsks/airdancer/internal/api/server.go:198.62,200.4 1 0
github.com/larsks/airdancer/internal/api/server.go:200.9,200.68 1 1
github.com/larsks/airdancer/internal/api/server.go:200.68,202.4 1 1
github.com/larsks/airdancer/internal/api/server.go:204.2,204.12 1 1
github.com/larsks/airdancer/internal/api/server.go:208.46,213.48 3 1
github.com/larsks/airdancer/internal/api/server.go:213.48,214.31 1 1
github.com/larsks/airdancer/internal/api/server.go:214.31,216.4 1 0
github.com/larsks/airdancer/internal/api/server.go:218.3,218.59 1 1
github.com/larsks/airdancer/internal/api/server.go:218.59,220.4 1 1
github.com/larsks/airdancer/internal/api/server.go:222.3,223.17 2 1
github.com/larsks/airdancer/internal/api/server.go:223.17,225.4 1 1
github.com/larsks/airdancer/internal/api/server.go:227.3,227.35 1 1
github.com/larsks/airdancer/internal/api/server.go:227.35,229.4 1 0
github.com/larsks/airdancer/internal/api/server.go:231.3,231.39 1 1
github.com/larsks/airdancer/internal/api/server.go:235.2,235.41 1 1
github.com/larsks/airdancer/internal/api/server.go:235.41,236.27 1 1
github.com/larsks/airdancer/internal/api/server.go:236.27,238.4 1 0
github.com/larsks/airdancer/internal/api/server.go:240.3,240.52 1 1
github.com/larsks/airdancer/internal/api/server.go:240.52,242.4 1 1
github.com/larsks/airdancer/internal/api/server.go:244.3,245.17 2 1
github.com/larsks/airdancer/internal/api/server.go:245.17,247.4 1 1
github.com/larsks/airdancer/internal/api/server.go:249.3,249.38 1 1
github.com/larsks/airdancer/internal/api/server.go:252.2,253.79 2 1
github.com/larsks/airdancer/internal/api/server.go:257.127,260.21 2 1
github.com/larsks/airdancer/internal/api/server.go:260.21,262.3 1 1
github.com/larsks/airdancer/internal/api/server.go:264.2,268.13 4 1
github.com/larsks/airdancer/internal/api/server.go:268.13,270.3 1 1
github.com/larsks/airdancer/internal/api/server.go:272.2,273.16 2 1
github.com/larsks/airdancer/internal/api/server.go:273.16,275.3 1 0
github.com/larsks/airdancer/internal/api/server.go:277.2,278.47 2 1
github.com/larsks/airdancer/internal/api/server.go:278.47,281.3 1 0
github.com/larsks/airdancer/internal/api/server.go:283.2,284.16 2 1
github.com/larsks/airdancer/internal/api/server.go:284.16,287.3 1 0
github.com/larsks/airdancer/internal/api/server.go:289.2,294.8 1 1
github.com/larsks/airdancer/internal/api/server.go:299.183,309.29 2 1
github.com/larsks/airdancer/internal/api/server.go:309.29,319.3 2 1
github.com/larsks/airdancer/internal/api/server.go:321.2,322.10 2 1
github.com/larsks/airdancer/internal/api/server.go:326.32,330.47 2 1
github.com/larsks/airdancer/internal/api/server.go:330.47,345.3 2 1
github.com/larsks/airdancer/internal/api/server.go:350.32,352.46 1 0
github.com/larsks/airdancer/internal/api/server.go:352.46,353.46 1 0
github.com/larsks/airdancer/internal/api/server.go:353.46,355.4 1 0
github.com/larsks/airdancer/internal/api/server.go:358.2,363.12 2 0
github.com/larsks/airdancer/internal/api/server.go:363.12,365.77 2 0
github.com/larsks/airdancer/internal/api/server.go:365.77,367.4 1 0
github.com/larsks/airdancer/internal/api/server.go:370.2,379.42 7 0
github.com/larsks/airdancer/internal/api/server.go:379.42,381.3 1 0
github.com/larsks/airdancer/internal/api/server.go:383.2,384.12 2 0
github.com/larsks/airdancer/internal/api/server.go:389.32,391.46 2 1
github.com/larsks/airdancer/internal/api/server.go:391.46,392.44 1 1
github.com/larsks/airdancer/internal/api/server.go:392.44,394.4 1 0
github.com/larsks/airdancer/internal/api/server.go:397.2,397.21 1 1
github.com/larsks/airdancer/internal/api/server.go:397.21,399.3 1 0
github.com/larsks/airdancer/internal/api/server.go:400.2,400.12 1 1
github.com/larsks/airdancer/internal/api/server.go:403.42,406.131 2 0
github.com/larsks/airdancer/internal/api/server.go:406.131,409.3 2 0
github.com/larsks/airdancer/internal/api/server.go:411.2,411.15 1 0
github.com/larsks/airdancer/internal/config/loader.go:29.38,35.2 1 1
github.com/larsks/airdancer/internal/config/loader.go:38.58,40.2 1 1
github.com/larsks/airdancer/internal/config/loader.go:43.59,45.2 1 0
github.com/larsks/airdancer/internal/config/loader.go:48.62,49.35 1 1
github.com/larsks/airdancer/internal/config/loader.go:49.35,51.3 1 1
github.com/larsks/airdancer/internal/config/loader.go:56.52,58.2 1 0
github.com/larsks/airdancer/internal/config/loader.go:62.54,65.44 2 1
github.com/larsks/airdancer/internal/config/loader.go:65.44,67.3 1 1
github.com/larsks/airdancer/internal/config/loader.go:69.2,72.38 2 1
github.com/larsks/airdancer/internal/config/loader.go:72.38,74.3 1 1
github.com/larsks/airdancer/internal/config/loader.go:77.2,77.25 1 1
github.com/larsks/airdancer/internal/config/loader.go:77.25,79.42 2 1
github.com/larsks/airdancer/internal/config/loader.go:79.42,81.4 1 0
github.com/larsks/airdancer/internal/config/loader.go:86.2,86.49 1 1
github.com/larsks/airdancer/internal/config/loader.go:86.49,93.48 2 1
github.com/larsks/airdancer/internal/config/loader.go:93.48,95.29 1 1
github.com/larsks/airdancer/internal/config/loader.go:96.55,97.79 1 1
github.com/larsks/airdancer/internal/config/loader.go:97.79,99.6 1 1
github.com/larsks/airdancer/internal/config/loader.go:99.11,101.6 1 0
github.com/larsks/airdancer/internal/config/loader.go:102.50,103.78 1 1
github.com/larsks/airdancer/internal/config/loader.go:103.78,105.6 1 1
github.com/larsks/airdancer/internal/config/loader.go:105.11,107.6 1 0
github.com/larsks/airdancer/internal/config/loader.go:108.16,109.71 1 0
github.com/larsks/airdancer/internal/config/loader.go:109.71,111.6 1 0
github.com/larsks/airdancer/internal/config/loader.go:111.11,113.6 1 0
github.com/larsks/airdancer/internal/config/loader.go:114.30,115.76 1 0
github.com/larsks/airdancer/internal/config/loader.go:115.76,117.6 1 0
github.com/larsks/airdancer/internal/config/loader.go:117.11,119.6 1 0
github.com/larsks/airdancer/internal/config/loader.go:120.23,123.59 1 0
github.com/larsks/airdancer/internal/config/loader.go:123.59,125.6 1 0
github.com/larsks/airdancer/internal/config/loader.go:125.11,129.68 2 0
github.com/larsks/airdancer/internal/config/loader.go:129.68,132.20 2 0
github.com/larsks/airdancer/internal/config/loader.go:132.20,134.8 1 0
github.com/larsks/airdancer/internal/config/loader.go:134.13,137.8 2 0
github.com/larsks/airdancer/internal/config/loader.go:138.12,140.20 1 0
github.com/larsks/airdancer/internal/config/loader.go:140.20,142.8 1 0
github.com/larsks/airdancer/internal/config/loader.go:142.13,144.35 2 0
github.com/larsks/airdancer/internal/config/loader.go:144.35,146.9 1 0
github.com/larsks/airdancer/internal/config/loader.go:147.8,147.30 1 0
github.com/larsks/airdancer/internal/config/loader.go:151.12,153.41 1 0
github.com/larsks/airdancer/internal/config/loader.go:159.2,159.19 1 1
github.com/larsks/airdancer/internal/config/loader.go:159.19,168.17 7 0
github.com/larsks/airdancer/internal/config/loader.go:168.17,170.4 1 0
github.com/larsks/airdancer/internal/config/loader.go:172.3,172.57 1 0
github.com/larsks/airdancer/internal/config/loader.go:172.57,174.27 1 0
github.com/larsks/airdancer/internal/config/loader.go:174.27,177.54 2 0
github.com/larsks/airdancer/internal/config/loader.go:177.54,181.6 2 0
github.com/larsks/airdancer/internal/config/loader.go:183.4,183.56 1 0
github.com/larsks/airdancer/internal/config/loader.go:185.8,187.93 1 1
github.com/larsks/airdancer/internal/config/loader.go:187.93,188.34 1 1
github.com/larsks/airdancer/internal/config/loader.go:188.34,190.5 1 1
github.com/larsks/airdancer/internal/config/loader.go:192.4,193.24 2 0
github.com/larsks/airdancer/internal/config/loader.go:193.24,195.5 1 0
github.com/larsks/airdancer/internal/config/loader.go:197.4,197.20 1 0
github.com/larsks/airdancer/internal/config/loader.go:200.3,204.19 1 1
github.com/larsks/airdancer/internal/config/loader.go:204.19,206.4 1 0
github.com/larsks/airdancer/internal/config/loader.go:210.2,210.49 1 1
github.com/larsks/airdancer/internal/config/loader.go:210.49,212.75 1 1
github.com/larsks/airdancer/internal/config/loader.go:212.76,214.4 0 0
github.com/larsks/airdancer/internal/config/loader.go:217.2,217.12 1 1
github.com/larsks/airdancer/internal/config/loader.go:221.81,223.42 2 1
github.com/larsks/airdancer/internal/config/loader.go:223.42,225.3 1 0
github.com/larsks/airdancer/internal/config/loader.go:227.2,228.32 2 1
github.com/larsks/airdancer/internal/config/loader.go:228.32,230.3 1 0
github.com/larsks/airdancer/internal/config/loader.go:233.2,234.22 2 1
github.com/larsks/airdancer/internal/config/loader.go:234.22,237.3 1 0
github.com/larsks/airdancer/internal/config/loader.go:239.2,239.21 1 1
github.com/larsks/airdancer/internal/config/loader.go:239.21,241.3 1 0
github.com/larsks/airdancer/internal/config/loader.go:243.2,243.36 1 1
github.com/larsks/airdancer/internal/config/loader.go:243.36,245.3 1 0
github.com/larsks/airdancer/internal/config/loader.go:247.2,248.12 2 1
github.com/larsks/airdancer/internal/config/loader.go:252.99,255.21 3 1
github.com/larsks/airdancer/internal/config/loader.go:255.21,257.3 1 1
github.com/larsks/airdancer/internal/config/loader.go:259.2,259.34 1 1
github.com/larsks/airdancer/internal/config/loader.go:264.96,266.2 1 0
github.com/larsks/airdancer/internal/logsetup/logsetup.go:5.13,7.2 1 0
github.com/larsks/airdancer/internal/events/events.go:168.51,169.19 1 0
github.com/larsks/airdancer/internal/events/events.go:170.14,171.18 1 0
github.com/larsks/airdancer/internal/events/events.go:172.14,173.18 1 0
github.com/larsks/airdancer/internal/events/events.go:174.14,175.18 1 0
github.com/larsks/airdancer/internal/events/events.go:176.14,177.18 1 0
github.com/larsks/airdancer/internal/events/events.go:178.14,179.18 1 0
github.com/larsks/airdancer/internal/events/events.go:180.13,181.17 1 0
github.com/larsks/airdancer/internal/events/events.go:182.14,183.18 1 0
github.com/larsks/airdancer/internal/events/events.go:184.14,185.18 1 0
github.com/larsks/airdancer/internal/events/events.go:186.14,187.18 1 0
github.com/larsks/airdancer/internal/events/events.go:188.13,189.17 1 0
github.com/larsks/airdancer/internal/events/events.go:190.14,191.18 1 0
github.com/larsks/airdancer/internal/events/events.go:192.20,193.24 1 0
github.com/larsks/airdancer/internal/events/events.go:194.10,195.46 1 0
github.com/larsks/airdancer/internal/events/events.go:199.63,200.23 1 0
github.com/larsks/airdancer/internal/events/events.go:201.16,202.22 1 0
github.com/larsks/airdancer/internal/events/events.go:203.16,204.22 1 0
github.com/larsks/airdancer/internal/events/events.go:205.16,206.22 1 0
github.com/larsks/airdancer/internal/events/events.go:207.16,208.22 1 0
github.com/larsks/airdancer/internal/events/events.go:209.16,210.22 1 0
github.com/larsks/airdancer/internal/events/events.go:211.15,212.21 1 0
github.com/larsks/airdancer/internal/events/events.go:213.16,214.22 1 0
github.com/larsks/airdancer/internal/events/events.go:215.16,216.22 1 0
github.com/larsks/airdancer/internal/events/events.go:217.16,218.22 1 0
github.com/larsks/airdancer/internal/events/events.go:219.15,220.21 1 0
github.com/larsks/airdancer/internal/events/events.go:221.16,222.22 1 0
github.com/larsks/airdancer/internal/events/events.go:223.22,224.28 1 0
github.com/larsks/airdancer/internal/events/events.go:225.10,226.18 1 0
github.com/larsks/airdancer/internal/events/events.go:231.37,232.44 1 0
github.com/larsks/airdancer/internal/events/events.go:232.44,234.3 1 0
github.com/larsks/airdancer/internal/events/events.go:235.2,235.36 1 0
github.com/larsks/airdancer/internal/events/events.go:238.37,239.44 1 0
github.com/larsks/airdancer/internal/events/events.go:239.44,241.3 1 0
github.com/larsks/airdancer/internal/events/events.go:242.2,242.36 1 0
github.com/larsks/airdancer/internal/events/events.go:245.37,246.44 1 0
github.com/larsks/airdancer/internal/events/events.go:246.44,248.3 1 0
github.com/larsks/airdancer/internal/events/events.go:249.2,249.36 1 0
github.com/larsks/airdancer/internal/events/events.go:252.42,253.15 1 0
github.com/larsks/airdancer/internal/events/events.go:254.20,255.20 1 0
github.com/larsks/airdancer/internal/events/events.go:256.19,257.19 1 0
github.com/larsks/airdancer/internal/events/events.go:258.20,259.20 1 0
github.com/larsks/airdancer/internal/events/events.go:260.10,261.42 1 0
github.com/larsks/airdancer/internal/buttonwatcher/buttonwatcher.go:51.40,59.2 1 0
github.com/larsks/airdancer/internal/buttonwatcher/buttonwatcher.go:62.58,64.2 1 0
github.com/larsks/airdancer/internal/buttonwatcher/buttonwatcher.go:66.87,67.20 1 0
github.com/larsks/airdancer/internal/buttonwatcher/buttonwatcher.go:68.14,69.31 1 0
github.com/larsks/airdancer/internal/buttonwatcher/buttonwatcher.go:70.15,71.43 1 0
github.com/larsks/airdancer/internal/buttonwatcher/buttonwatcher.go:72.10,73.68 1 0
github.com/larsks/airdancer/internal/buttonwatcher/buttonwatcher.go:77.74,79.21 2 0
github.com/larsks/airdancer/internal/buttonwatcher/buttonwatcher.go:80.14,81.31 1 0
github.com/larsks/airdancer/internal/buttonwatcher/buttonwatcher.go:82.12,83.29 1 0
github.com/larsks/airdancer/internal/buttonwatcher/buttonwatcher.go:84.14,85.31 1 0
github.com/larsks/airdancer/internal/buttonwatcher/buttonwatcher.go:86.14,87.31 1 0
github.com/larsks/airdancer/internal/buttonwatcher/buttonwatcher.go:88.10,89.63 1 0
github.com/larsks/airdancer/internal/buttonwatcher/buttonwatcher.go:92.2,93.58 2 0
github.com/larsks/airdancer/internal/buttonwatcher/buttonwatcher.go:96.73,100.13 3 0
github.com/larsks/airdancer/internal/buttonwatcher/buttonwatcher.go:100.13,103.17 3 0
github.com/larsks/airdancer/internal/buttonwatcher/buttonwatcher.go:103.17,105.4 1 0
github.com/larsks/airdancer/internal/buttonwatcher/buttonwatcher.go:106.3,106.34 1 0
github.com/larsks/airdancer/internal/buttonwatcher/buttonwatcher.go:110.2,115.20 4 0
github.com/larsks/airdancer/internal/buttonwatcher/buttonwatcher.go:116.14,117.55 1 0
github.com/larsks/airdancer/internal/buttonwatcher/buttonwatcher.go:118.15,119.57 1 0
github.com/larsks/airdancer/internal/buttonwatcher/buttonwatcher.go:120.10,121.63 1 0
github.com/larsks/airdancer/internal/buttonwatcher/buttonwatcher.go:124.2,124.16 1 0
github.com/larsks/airdancer/internal/buttonwatcher/buttonwatcher.go:124.16,126.3 1 0
github.com/larsks/airdancer/internal/buttonwatcher/buttonwatcher.go:128.2,128.53 1 0
github.com/larsks/airdancer/internal/buttonwatcher/buttonwatcher.go:128.53,130.3 1 0
github.com/larsks/airdancer/internal/buttonwatcher/buttonwatcher.go:133.2,139.31 2 0
github.com/larsks/airdancer/internal/buttonwatcher/buttonwatcher.go:139.31,141.3 1 0
github.com/larsks/airdancer/internal/buttonwatcher/buttonwatcher.go:142.2,142.37 1 0
github.com/larsks/airdancer/internal/buttonwatcher/buttonwatcher.go:142.37,144.3 1 0
github.com/larsks/airdancer/internal/buttonwatcher/buttonwatcher.go:145.2,145.37 1 0
github.com/larsks/airdancer/internal/buttonwatcher/buttonwatcher.go:145.37,147.3 1 0
github.com/larsks/airdancer/internal/buttonwatcher/buttonwatcher.go:150.2,155.36 5 0
github.com/larsks/airdancer/internal/buttonwatcher/buttonwatcher.go:155.36,157.3 1 0
github.com/larsks/airdancer/internal/buttonwatcher/buttonwatcher.go:158.2,158.35 1 0
github.com/larsks/airdancer/internal/buttonwatcher/buttonwatcher.go:158.35,160.3 1 0
github.com/larsks/airdancer/internal/buttonwatcher/buttonwatcher.go:162.2,162.33 1 0
github.com/larsks/airdancer/internal/buttonwatcher/buttonwatcher.go:162.33,164.3 1 0
github.com/larsks/airdancer/internal/buttonwatcher/buttonwatcher.go:164.8,164.75 1 0
github.com/larsks/airdancer/internal/buttonwatcher/buttonwatcher.go:164.75,166.3 1 0
github.com/larsks/airdancer/internal/buttonwatcher/buttonwatcher.go:168.2,169.12 2 0
github.com/larsks/airdancer/internal/buttonwatcher/buttonwatcher.go:173.85,174.24 1 0
github.com/larsks/airdancer/internal/buttonwatcher/buttonwatcher.go:174.24,176.3 1 0
github.com/larsks/airdancer/internal/buttonwatcher/buttonwatcher.go:177.2,177.68 1 0
github.com/larsks/airdancer/internal/buttonwatcher/buttonwatcher.go:177.68,179.3 1 0
github.com/larsks/airdancer/internal/buttonwatcher/buttonwatcher.go:180.2,180.31 1 0
github.com/larsks/airdancer/internal/buttonwatcher/buttonwatcher.go:184.90,185.24 1 0
github.com/larsks/airdancer/internal/buttonwatcher/buttonwatcher.go:185.24,187.3 1 0
github.com/larsks/airdancer/internal/buttonwatcher/buttonwatcher.go:188.2,188.73 1 0
github.com/larsks/airdancer/internal/buttonwatcher/buttonwatcher.go:188.73,190.3 1 0
github.com/larsks/airdancer/internal/buttonwatcher/buttonwatcher.go:191.2,191.10 1 0
github.com/larsks/airdancer/internal/buttonwatcher/buttonwatcher.go:195.89,196.24 1 0
github.com/larsks/airdancer/internal/buttonwatcher/buttonwatcher.go:196.24,198.3 1 0
github.com/larsks/airdancer/internal/buttonwatcher/buttonwatcher.go:199.2,199.72 1 0
github.com/larsks/airdancer/internal/buttonwatcher/buttonwatcher.go:199.72,201.3 1 0
github.com/larsks/airdancer/internal/buttonwatcher/buttonwatcher.go:202.2,202.10 1 0
github.com/larsks/airdancer/internal/buttonwatcher/buttonwatcher.go:206.79,207.24 1 0
github.com/larsks/airdancer/internal/buttonwatcher/buttonwatcher.go:207.24,209.3 1 0
github.com/larsks/airdancer/internal/buttonwatcher/buttonwatcher.go:210.2,210.62 1 0
github.com/larsks/airdancer/internal/buttonwatcher/buttonwatcher.go:210.62,212.3 1 0
github.com/larsks/airdancer/internal/buttonwatcher/buttonwatcher.go:213.2,213.25 1 0
github.com/larsks/airdancer/internal/buttonwatcher/buttonwatcher.go:216.40,217.26 1 0
github.com/larsks/airdancer/internal/buttonwatcher/buttonwatcher.go:217.26,219.3 1 0
github.com/larsks/airdancer/internal/buttonwatcher/buttonwatcher.go:222.2,222.45 1 0
github.com/larsks/airdancer/internal/buttonwatcher/buttonwatcher.go:222.45,223.40 1 0
github.com/larsks/airdancer/internal/buttonwatcher/buttonwatcher.go:223.40,225.4 1 0
github.com/larsks/airdancer/internal/buttonwatcher/buttonwatcher.go:226.3,230.30 3 0
github.com/larsks/airdancer/internal/buttonwatcher/buttonwatcher.go:233.2,233.9 1 0
github.com/larsks/airdancer/internal/buttonwatcher/buttonwatcher.go:236.68,239.6 2 0
github.com/larsks/airdancer/internal/buttonwatcher/buttonwatcher.go:239.6,240.10 1 0
github.com/larsks/airdancer/internal/buttonwatcher/buttonwatcher.go:241.22,242.10 1 0
github.com/larsks/airdancer/internal/buttonwatcher/buttonwatcher.go:243.39,244.11 1 0
github.com/larsks/airdancer/internal/buttonwatcher/buttonwatcher.go:244.11,246.5 1 0
github.com/larsks/airdancer/internal/buttonwatcher/buttonwatcher.go:247.4,247.31 1 0
github.com/larsks/airdancer/internal/buttonwatcher/buttonwatcher.go:252.70,255.32 2 0
github.com/larsks/airdancer/internal/buttonwatcher/buttonwatcher.go:255.32,256.29 1 0
github.com/larsks/airdancer/internal/buttonwatcher/buttonwatcher.go:256.29,258.9 2 0
github.com/larsks/airdancer/internal/buttonwatcher/buttonwatcher.go:262.2,262.20 1 0
github.com/larsks/airdancer/internal/buttonwatcher/buttonwatcher.go:262.20,265.3 2 0
github.com/larsks/airdancer/internal/buttonwatcher/buttonwatcher.go:267.2,270.20 3 0
github.com/larsks/airdancer/internal/buttonwatcher/buttonwatcher.go:271.28,274.50 3 0
github.com/larsks/airdancer/internal/buttonwatcher/buttonwatcher.go:276.29,277.24 1 0
github.com/larsks/airdancer/internal/buttonwatcher/buttonwatcher.go:277.24,284.62 4 0
github.com/larsks/airdancer/internal/buttonwatcher/buttonwatcher.go:284.62,286.5 1 0
github.com/larsks/airdancer/internal/buttonwatcher/buttonwatcher.go:286.10,286.89 1 0
github.com/larsks/airdancer/internal/buttonwatcher/buttonwatcher.go:286.89,290.5 3 0
github.com/larsks/airdancer/internal/buttonwatcher/buttonwatcher.go:290.10,290.91 1 0
github.com/larsks/airdancer/internal/buttonwatcher/buttonwatcher.go:290.91,294.5 3 0
github.com/larsks/airdancer/internal/buttonwatcher/buttonwatcher.go:294.10,297.5 1 0
github.com/larsks/airdancer/internal/buttonwatcher/buttonwatcher.go:302.74,304.104 1 0
github.com/larsks/airdancer/internal/buttonwatcher/buttonwatcher.go:304.104,306.3 1 0
github.com/larsks/airdancer/internal/buttonwatcher/buttonwatcher.go:306.8,308.3 1 0
github.com/larsks/airdancer/internal/buttonwatcher/buttonwatcher.go:310.2,313.31 2 0
github.com/larsks/airdancer/internal/buttonwatcher/buttonwatcher.go:313.31,315.3 1 0
github.com/larsks/airdancer/internal/buttonwatcher/buttonwatcher.go:318.2,318.68 1 0
github.com/larsks/airdancer/internal/buttonwatcher/buttonwatcher.go:318.68,326.3 6 0
github.com/larsks/airdancer/internal/buttonwatcher/buttonwatcher.go:329.66,333.20 3 0
github.com/larsks/airdancer/internal/buttonwatcher/buttonwatcher.go:334.9,336.30 2 0
github.com/larsks/airdancer/internal/buttonwatcher/buttonwatcher.go:337.9,339.30 2 0
github.com/larsks/airdancer/internal/buttonwatcher/buttonwatcher.go:340.9,342.30 2 0
github.com/larsks/airdancer/internal/buttonwatcher/buttonwatcher.go:343.10,344.9 1 0
github.com/larsks/airdancer/internal/buttonwatcher/buttonwatcher.go:347.2,347.18 1 0
github.com/larsks/airdancer/internal/buttonwatcher/buttonwatcher.go:347.18,350.3 2 0
github.com/larsks/airdancer/internal/buttonwatcher/buttonwatcher.go:353.81,354.19 1 0
github.com/larsks/airdancer/internal/buttonwatcher/buttonwatcher.go:354.19,357.3 2 0
github.com/larsks/airdancer/internal/buttonwatcher/buttonwatcher.go:358.2,364.34 7 0
github.com/larsks/airdancer/internal/buttonwatcher/buttonwatcher.go:364.34,366.3 1 0
github.com/larsks/airdancer/internal/buttonwatcher/buttonwatcher.go:369.40,373.45 3 0
github.com/larsks/airdancer/internal/buttonwatcher/buttonwatcher.go:373.45,376.3 2 0
github.com/larsks/airdancer/internal/buttonwatcher/buttonwatcher.go:378.2,378.12 1 0
github.com/larsks/airdancer/internal/buttonwatcher/config.go:39.26,41.2 1 1
github.com/larsks/airdancer/internal/buttonwatcher/config.go:43.46,45.2 1 1
github.com/larsks/airdancer/internal/buttonwatcher/config.go:47.37,51.2 3 1
github.com/larsks/airdancer/internal/buttonwatcher/config.go:53.35,54.25 1 1
github.com/larsks/airdancer/internal/buttonwatcher/config.go:54.25,56.3 1 1
github.com/larsks/airdancer/internal/buttonwatcher/config.go:57.2,57.35 1 1
github.com/larsks/airdancer/internal/buttonwatcher/config.go:57.35,58.24 1 1
github.com/larsks/airdancer/internal/buttonwatcher/config.go:58.24,60.4 1 1
github.com/larsks/airdancer/internal/buttonwatcher/config.go:61.3,61.26 1 1
github.com/larsks/airdancer/internal/buttonwatcher/config.go:61.26,63.4 1 1
github.com/larsks/airdancer/internal/buttonwatcher/config.go:64.3,64.24 1 1
github.com/larsks/airdancer/internal/buttonwatcher/config.go:64.24,66.4 1 1
github.com/larsks/airdancer/internal/buttonwatcher/config.go:68.2,68.12 1 1
github.com/larsks/airdancer/internal/buttondriver/event/event.go:30.48,37.2 1 1
github.com/larsks/airdancer/internal/buttondriver/event/event.go:40.64,42.2 1 1
github.com/larsks/airdancer/internal/buttondriver/event/event.go:45.43,49.15 3 1
github.com/larsks/airdancer/internal/buttondriver/event/event.go:49.15,51.3 1 0
github.com/larsks/airdancer/internal/buttondriver/event/event.go:53.2,53.25 1 1
github.com/larsks/airdancer/internal/buttondriver/event/event.go:53.25,55.3 1 1
github.com/larsks/airdancer/internal/buttondriver/event/event.go:58.2,58.32 1 0
github.com/larsks/airdancer/internal/buttondriver/event/event.go:58.32,59.44 1 0
github.com/larsks/airdancer/internal/buttondriver/event/event.go:59.44,61.18 2 0
github.com/larsks/airdancer/internal/buttondriver/event/event.go:61.18,63.5 1 0
github.com/larsks/airdancer/internal/buttondriver/event/event.go:64.4,64.26 1 0
github.com/larsks/airdancer/internal/buttondriver/event/event.go:68.2,71.45 2 0
github.com/larsks/airdancer/internal/buttondriver/event/event.go:71.45,74.3 2 0
github.com/larsks/airdancer/internal/buttondriver/event/event.go:76.2,76.12 1 0
github.com/larsks/airdancer/internal/buttondriver/event/event.go:80.36,84.16 3 1
github.com/larsks/airdancer/internal/buttondriver/event/event.go:84.16,86.3 1 1
github.com/larsks/airdancer/internal/buttondriver/event/event.go:88.2,91.36 2 0
github.com/larsks/airdancer/internal/buttondriver/event/event.go:91.36,92.38 1 0
github.com/larsks/airdancer/internal/buttondriver/event/event.go:92.38,94.4 1 0
github.com/larsks/airdancer/internal/buttondriver/event/event.go:98.2,104.20 3 0
github.com/larsks/airdancer/internal/buttondriver/event/event.go:108.69,113.9 4 1
github.com/larsks/airdancer/internal/buttondriver/event/event.go:113.9,115.3 1 1
github.com/larsks/airdancer/internal/buttondriver/event/event.go:117.2,117.40 1 1
github.com/larsks/airdancer/internal/buttondriver/event/event.go:117.40,119.3 1 1
github.com/larsks/airdancer/internal/buttondriver/event/event.go:121.2,122.12 2 1
github.com/larsks/airdancer/internal/buttondriver/event/event.go:126.51,131.40 4 1
github.com/larsks/airdancer/internal/buttondriver/event/event.go:131.40,132.36 1 1
github.com/larsks/airdancer/internal/buttondriver/event/event.go:132.36,134.4 1 1
github.com/larsks/airdancer/internal/buttondriver/event/event.go:136.2,136.20 1 1
github.com/larsks/airdancer/internal/buttondriver/event/event.go:140.90,153.12 8 0
github.com/larsks/airdancer/internal/buttondriver/event/event.go:153.12,155.7 2 0
github.com/larsks/airdancer/internal/buttondriver/event/event.go:155.7,158.18 3 0
github.com/larsks/airdancer/internal/buttondriver/event/event.go:158.18,159.12 1 0
github.com/larsks/airdancer/internal/buttondriver/event/event.go:160.27,160.27 0 0
github.com/larsks/airdancer/internal/buttondriver/event/event.go:161.23,161.23 0 0
github.com/larsks/airdancer/internal/buttondriver/event/event.go:163.5,163.11 1 0
github.com/larsks/airdancer/internal/buttondriver/event/event.go:165.4,165.22 1 0
github.com/larsks/airdancer/internal/buttondriver/event/event.go:165.22,166.12 1 0
github.com/larsks/airdancer/internal/buttondriver/event/event.go:167.33,167.33 0 0
github.com/larsks/airdancer/internal/buttondriver/event/event.go:168.23,169.12 1 0
github.com/larsks/airdancer/internal/buttondriver/event/event.go:175.2,175.6 1 0
github.com/larsks/airdancer/internal/buttondriver/event/event.go:175.6,176.10 1 0
github.com/larsks/airdancer/internal/buttondriver/event/event.go:177.21,179.10 2 0
github.com/larsks/airdancer/internal/buttondriver/event/event.go:180.27,182.60 1 0
github.com/larsks/airdancer/internal/buttondriver/event/event.go:182.60,184.5 1 0
github.com/larsks/airdancer/internal/buttondriver/event/event.go:184.10,186.5 1 0
github.com/larsks/airdancer/internal/buttondriver/event/event.go:187.4,187.10 1 0
github.com/larsks/airdancer/internal/buttondriver/event/event.go:188.29,192.18 3 0
github.com/larsks/airdancer/internal/buttondriver/event/event.go:192.18,194.13 2 0
github.com/larsks/airdancer/internal/buttondriver/event/event.go:198.4,198.37 1 0
github.com/larsks/airdancer/internal/buttondriver/event/event.go:198.37,199.105 1 0
github.com/larsks/airdancer/internal/buttondriver/event/event.go:199.105,201.6 1 0
github.com/larsks/airdancer/internal/buttondriver/event/event.go:208.99,212.15 3 1
github.com/larsks/airdancer/internal/buttondriver/event/event.go:213.22,215.20 2 1
github.com/larsks/airdancer/internal/buttondriver/event/event.go:216.21,218.20 2 1
github.com/larsks/airdancer/internal/buttondriver/event/event.go:219.10,221.9 1 1
github.com/larsks/airdancer/internal/buttondriver/event/event.go:224.2,224.17 1 1
github.com/larsks/airdancer/internal/buttondriver/event/event.go:224.17,226.3 1 0
github.com/larsks/airdancer/internal/buttondriver/event/event.go:228.2,240.9 2 1
github.com/larsks/airdancer/internal/buttondriver/event/event.go:241.28,241.28 0 1
github.com/larsks/airdancer/internal/buttondriver/event/event.go:242.20,243.9 1 0
github.com/larsks/airdancer/internal/buttondriver/event/event.go:244.10,245.85 1 0
github.com/larsks/airdancer/internal/buttondriver/event/spec.go:22.47,24.2 1 1
github.com/larsks/airdancer/internal/buttondriver/event/spec.go:27.49,29.2 1 1
github.com/larsks/airdancer/internal/buttondriver/event/spec.go:32.47,33.21 1 1
github.com/larsks/airdancer/internal/buttondriver/event/spec.go:33.21,35.3 1 1
github.com/larsks/airdancer/internal/buttondriver/event/spec.go:36.2,36.23 1 1
github.com/larsks/airdancer/internal/buttondriver/event/spec.go:36.23,38.3 1 1
github.com/larsks/airdancer/internal/buttondriver/event/spec.go:39.2,39.25 1 1
github.com/larsks/airdancer/internal/buttondriver/event/spec.go:39.25,41.3 1 1
github.com/larsks/airdancer/internal/buttondriver/event/spec.go:42.2,42.12 1 1
github.com/larsks/airdancer/internal/buttondriver/event/spec.go:48.66,50.20 2 1
github.com/larsks/airdancer/internal/buttondriver/event/spec.go:50.20,52.3 1 1
github.com/larsks/airdancer/internal/buttondriver/event/spec.go:54.2,59.16 5 1
github.com/larsks/airdancer/internal/buttondriver/event/spec.go:59.16,61.3 1 1
github.com/larsks/airdancer/internal/buttondriver/event/spec.go:62.2,62.18 1 1
github.com/larsks/airdancer/internal/buttondriver/event/spec.go:62.18,64.3 1 1
github.com/larsks/airdancer/internal/buttondriver/event/spec.go:67.2,68.9 2 1
github.com/larsks/airdancer/internal/buttondriver/event/spec.go:68.9,70.3 1 1
github.com/larsks/airdancer/internal/buttondriver/event/spec.go:73.2,74.16 2 1
github.com/larsks/airdancer/internal/buttondriver/event/spec.go:74.16,76.3 1 1
github.com/larsks/airdancer/internal/buttondriver/event/spec.go:79.2,83.21 3 1
github.com/larsks/airdancer/internal/buttondriver/event/spec.go:83.21,84.69 1 1
github.com/larsks/airdancer/internal/buttondriver/event/spec.go:84.69,86.4 1 1
github.com/larsks/airdancer/internal/buttondriver/event/spec.go:86.9,88.4 1 1
github.com/larsks/airdancer/internal/buttondriver/event/spec.go:90.3,90.70 1 1
github.com/larsks/airdancer/internal/buttondriver/event/spec.go:90.70,92.4 1 1
github.com/larsks/airdancer/internal/buttondriver/event/spec.go:92.9,94.4 1 1
github.com/larsks/airdancer/internal/buttondriver/event/spec.go:97.2,104.8 1 1
github.com/larsks/airdancer/internal/switchcollection/gpio/gpio.go:38.47,40.21 2 1
github.com/larsks/airdancer/internal/switchcollection/gpio/gpio.go:40.21,42.3 1 1
github.com/larsks/airdancer/internal/switchcollection/gpio/gpio.go:44.2,48.32 4 1
github.com/larsks/airdancer/internal/switchcollection/gpio/gpio.go:48.32,50.3 1 1
github.com/larsks/airdancer/internal/switchcollection/gpio/gpio.go:52.2,52.53 1 1
github.com/larsks/airdancer/internal/switchcollection/gpio/gpio.go:55.93,56.39 1 0
github.com/larsks/airdancer/internal/switchcollection/gpio/gpio.go:56.39,58.3 1 0
github.com/larsks/airdancer/internal/switchcollection/gpio/gpio.go:60.2,61.31 2 0
github.com/larsks/airdancer/internal/switchcollection/gpio/gpio.go:61.31,64.17 3 0
github.com/larsks/airdancer/internal/switchcollection/gpio/gpio.go:64.17,66.4 1 0
github.com/larsks/airdancer/internal/switchcollection/gpio/gpio.go:67.3,70.4 1 0
github.com/larsks/airdancer/internal/switchcollection/gpio/gpio.go:73.2,76.8 1 0
github.com/larsks/airdancer/internal/switchcollection/gpio/gpio.go:79.46,81.32 2 0
github.com/larsks/airdancer/internal/switchcollection/gpio/gpio.go:81.32,84.58 3 0
github.com/larsks/airdancer/internal/switchcollection/gpio/gpio.go:84.58,86.4 1 0
github.com/larsks/airdancer/internal/switchcollection/gpio/gpio.go:88.2,88.12 1 0
github.com/larsks/airdancer/internal/switchcollection/gpio/gpio.go:91.47,93.19 2 0
github.com/larsks/airdancer/internal/switchcollection/gpio/gpio.go:93.19,94.33 1 0
github.com/larsks/airdancer/internal/switchcollection/gpio/gpio.go:94.33,97.55 3 0
github.com/larsks/airdancer/internal/switchcollection/gpio/gpio.go:97.55,99.5 1 0
github.com/larsks/airdancer/internal/switchcollection/gpio/gpio.go:102.2,102.12 1 0
github.com/larsks/airdancer/internal/switchcollection/gpio/gpio.go:105.54,107.2 1 0
github.com/larsks/airdancer/internal/switchcollection/gpio/gpio.go:109.74,111.2 1 0
github.com/larsks/airdancer/internal/switchcollection/gpio/gpio.go:113.85,114.34 1 0
github.com/larsks/airdancer/internal/switchcollection/gpio/gpio.go:114.34,116.3 1 0
github.com/larsks/airdancer/internal/switchcollection/gpio/gpio.go:117.2,117.29 1 0
github.com/larsks/airdancer/internal/switchcollection/gpio/gpio.go:120.48,121.32 1 0
github.com/larsks/airdancer/internal/switchcollection/gpio/gpio.go:121.32,122.36 1 0
github.com/larsks/airdancer/internal/switchcollection/gpio/gpio.go:122.36,124.4 1 0
github.com/larsks/airdancer/internal/switchcollection/gpio/gpio.go:126.2,126.12 1 0
github.com/larsks/airdancer/internal/switchcollection/gpio/gpio.go:129.49,130.32 1 0
github.com/larsks/airdancer/internal/switchcollection/gpio/gpio.go:130.32,131.37 1 0
github.com/larsks/airdancer/internal/switchcollection/gpio/gpio.go:131.37,133.4 1 0
github.com/larsks/airdancer/internal/switchcollection/gpio/gpio.go:135.2,135.12 1 0
github.com/larsks/airdancer/internal/switchcollection/gpio/gpio.go:138.58,139.32 1 0
github.com/larsks/airdancer/internal/switchcollection/gpio/gpio.go:139.32,141.17 2 0
github.com/larsks/airdancer/internal/switchcollection/gpio/gpio.go:141.17,143.4 1 0
github.com/larsks/airdancer/internal/switchcollection/gpio/gpio.go:144.3,144.13 1 0
github.com/larsks/airdancer/internal/switchcollection/gpio/gpio.go:144.13,146.4 1 0
github.com/larsks/airdancer/internal/switchcollection/gpio/gpio.go:148.2,148.18 1 0
github.com/larsks/airdancer/internal/switchcollection/gpio/gpio.go:151.68,153.32 2 0
github.com/larsks/airdancer/internal/switchcollection/gpio/gpio.go:153.32,155.17 2 0
github.com/larsks/airdancer/internal/switchcollection/gpio/gpio.go:155.17,157.4 1 0
github.com/larsks/airdancer/internal/switchcollection/gpio/gpio.go:158.3,158.20 1 0
github.com/larsks/airdancer/internal/switchcollection/gpio/gpio.go:160.2,160.20 1 0
github.com/larsks/airdancer/internal/switchcollection/gpio/gpio.go:163.49,165.2 1 0
github.com/larsks/airdancer/internal/switchcollection/gpio/gpio.go:167.37,170.43 3 0
github.com/larsks/airdancer/internal/switchcollection/gpio/gpio.go:170.43,172.3 1 0
github.com/larsks/airdancer/internal/switchcollection/gpio/gpio.go:173.2,173.12 1 0
github.com/larsks/airdancer/internal/switchcollection/gpio/gpio.go:176.38,179.44 3 0
github.com/larsks/airdancer/internal/switchcollection/gpio/gpio.go:179.44,181.3 1 0
github.com/larsks/airdancer/internal/switchcollection/gpio/gpio.go:182.2,182.12 1 0
github.com/larsks/airdancer/internal/switchcollection/gpio/gpio.go:185.47,189.2 3 0
github.com/larsks/airdancer/internal/switchcollection/gpio/gpio.go:191.38,193.2 1 0
github.com/larsks/airdancer/internal/switchcollection/gpio/gpio.go:195.46,196.30 1 0
github.com/larsks/airdancer/internal/switchcollection/gpio/gpio.go:196.30,198.3 1 0
github.com/larsks/airdancer/internal/switchcollection/gpio/gpio.go:199.2,199.17 1 0
github.com/larsks/airdancer/internal/switchcollection/gpio/gpio.go:202.47,203.30 1 0
github.com/larsks/airdancer/internal/switchcollection/gpio/gpio.go:203.30,205.3 1 0
github.com/larsks/airdancer/internal/switchcollection/gpio/gpio.go:206.2,206.18 1 0
github.com/larsks/airdancer/internal/switchcollection/dummy.go:23.72,25.41 2 1
github.com/larsks/airdancer/internal/switchcollection/dummy.go:25.41,30.3 1 1
github.com/larsks/airdancer/internal/switchcollection/dummy.go:32.2,34.3 1 1
github.com/larsks/airdancer/internal/switchcollection/dummy.go:38.48,41.2 2 1
github.com/larsks/airdancer/internal/switchcollection/dummy.go:44.49,47.2 2 1
github.com/larsks/airdancer/internal/switchcollection/dummy.go:50.56,54.2 3 1
github.com/larsks/airdancer/internal/switchcollection/dummy.go:57.59,61.2 3 1
github.com/larsks/airdancer/internal/switchcollection/dummy.go:64.70,68.35 3 1
github.com/larsks/airdancer/internal/switchcollection/dummy.go:68.35,70.3 1 1
github.com/larsks/airdancer/internal/switchcollection/dummy.go:71.2,71.30 1 1
github.com/larsks/airdancer/internal/switchcollection/dummy.go:75.50,80.34 4 1
github.com/larsks/airdancer/internal/switchcollection/dummy.go:80.34,81.37 1 1
github.com/larsks/airdancer/internal/switchcollection/dummy.go:81.37,83.4 1 0
github.com/larsks/airdancer/internal/switchcollection/dummy.go:85.2,85.12 1 1
github.com/larsks/airdancer/internal/switchcollection/dummy.go:89.51,94.34 4 1
[...]
github.com/larsks/airdancer/internal/piface/piface.go:14.47,16.16 2 0
github.com/larsks/airdancer/internal/piface/piface.go:16.16,18.3 1 0
github.com/larsks/airdancer/internal/piface/piface.go:20.2,20.24 1 0
github.com/larsks/airdancer/internal/piface/piface.go:23.55,24.41 1 0
github.com/larsks/airdancer/internal/piface/piface.go:24.41,26.3 1 0
github.com/larsks/airdancer/internal/piface/piface.go:28.2,29.16 2 0
github.com/larsks/airdancer/internal/piface/piface.go:29.16,31.3 1 0
github.com/larsks/airdancer/internal/piface/piface.go:33.2,33.32 1 0
github.com/larsks/airdancer/internal/piface/piface.go:36.49,37.53 1 0
github.com/larsks/airdancer/internal/piface/piface.go:37.53,39.3 1 0
github.com/larsks/airdancer/internal/piface/piface.go:40.2,40.12 1 0
github.com/larsks/airdancer/internal/piface/piface.go:43.59,44.41 1 0
github.com/larsks/airdancer/internal/piface/piface.go:44.41,46.3 1 0
github.com/larsks/airdancer/internal/piface/piface.go:47.2,47.13 1 0
github.com/larsks/airdancer/internal/piface/piface.go:47.13,49.3 1 0
github.com/larsks/airdancer/internal/piface/piface.go:51.2,52.16 2 0
github.com/larsks/airdancer/internal/piface/piface.go:52.16,54.3 1 0
github.com/larsks/airdancer/internal/piface/piface.go:56.2,57.52 2 0
github.com/larsks/airdancer/internal/piface/piface.go:57.52,59.3 1 0
github.com/larsks/airdancer/internal/piface/piface.go:61.2,61.12 1 0
github.com/larsks/airdancer/internal/piface/piface.go:64.48,66.16 2 0
github.com/larsks/airdancer/internal/piface/piface.go:66.16,68.3 1 0
github.com/larsks/airdancer/internal/piface/piface.go:69.2,69.17 1 0
github.com/larsks/airdancer/internal/piface/piface.go:72.56,73.41 1 0
github.com/larsks/airdancer/internal/piface/piface.go:73.41,75.3 1 0
github.com/larsks/airdancer/internal/piface/piface.go:77.2,78.16 2 0
github.com/larsks/airdancer/internal/piface/piface.go:78.16,80.3 1 0
github.com/larsks/airdancer/internal/piface/piface.go:82.2,82.30 1 0
github.com/larsks/airdancer/internal/piface/piface.go:86.35,88.2 1 0
github.com/larsks/airdancer/internal/piface/piface.go:91.40,93.2 1 0
github.com/larsks/airdancer/internal/piface/piface.go:95.60,97.32 2 0
github.com/larsks/airdancer/internal/piface/piface.go:97.32,98.51 1 0
github.com/larsks/airdancer/internal/piface/piface.go:98.51,100.4 1 0
github.com/larsks/airdancer/internal/piface/piface.go:103.2,103.17 1 0
github.com/larsks/airdancer/internal/piface/piface.go:106.71,107.12 1 0
github.com/larsks/airdancer/internal/piface/piface.go:107.12,109.3 1 0
github.com/larsks/airdancer/internal/piface/piface.go:110.2,113.8 1 0
github.com/larsks/airdancer/internal/piface/piface.go:116.72,139.2 4 0
github.com/larsks/airdancer/internal/piface/piface.go:143.34,146.16 3 0
github.com/larsks/airdancer/internal/piface/piface.go:146.16,148.3 1 0
github.com/larsks/airdancer/internal/piface/piface.go:149.2,150.49 2 0
github.com/larsks/airdancer/internal/piface/piface.go:150.49,152.3 1 0
github.com/larsks/airdancer/internal/piface/piface.go:153.2,153.12 1 0
github.com/larsks/airdancer/internal/piface/piface.go:156.35,159.16 3 0
github.com/larsks/airdancer/internal/piface/piface.go:159.16,161.3 1 0
github.com/larsks/airdancer/internal/piface/piface.go:162.2,163.49 2 0
github.com/larsks/airdancer/internal/piface/piface.go:163.49,165.3 1 0
github.com/larsks/airdancer/internal/piface/piface.go:166.2,166.12 1 0
github.com/larsks/airdancer/internal/piface/piface.go:169.44,171.16 2 0
github.com/larsks/airdancer/internal/piface/piface.go:171.16,173.3 1 0
github.com/larsks/airdancer/internal/piface/piface.go:174.2,174.29 1 0
github.com/larsks/airdancer/internal/piface/piface.go:177.54,179.16 2 0
github.com/larsks/airdancer/internal/piface/piface.go:179.16,181.3 1 0
github.com/larsks/airdancer/internal/piface/piface.go:183.2,184.43 2 0
github.com/larsks/airdancer/internal/piface/piface.go:184.43,186.3 1 0
github.com/larsks/airdancer/internal/piface/piface.go:187.2,187.20 1 0
github.com/larsks/airdancer/internal/monitor/config.go:41.26,51.2 2 1
github.com/larsks/airdancer/internal/monitor/config.go:54.46,66.28 7 1
github.com/larsks/airdancer/internal/monitor/config.go:66.28,68.3 1 1
github.com/larsks/airdancer/internal/monitor/config.go:72.54,87.2 4 0
github.com/larsks/airdancer/internal/monitor/config.go:91.47,106.2 4 1
github.com/larsks/airdancer/internal/monitor/config.go:109.35,110.25 1 1
github.com/larsks/airdancer/internal/monitor/config.go:110.25,112.3 1 1
github.com/larsks/airdancer/internal/monitor/config.go:113.2,113.22 1 1
github.com/larsks/airdancer/internal/monitor/config.go:113.22,115.3 1 1
github.com/larsks/airdancer/internal/monitor/config.go:116.2,116.25 1 1
github.com/larsks/airdancer/internal/monitor/config.go:116.25,118.3 1 1
github.com/larsks/airdancer/internal/monitor/config.go:119.2,119.36 1 1
github.com/larsks/airdancer/internal/monitor/config.go:119.36,120.28 1 1
github.com/larsks/airdancer/internal/monitor/config.go:120.28,122.4 1 1
github.com/larsks/airdancer/internal/monitor/config.go:123.3,123.33 1 1
github.com/larsks/airdancer/internal/monitor/config.go:123.33,125.4 1 1
github.com/larsks/airdancer/internal/monitor/config.go:126.3,126.44 1 1
github.com/larsks/airdancer/internal/monitor/config.go:126.44,127.34 1 1
github.com/larsks/airdancer/internal/monitor/config.go:127.34,129.5 1 1
github.com/larsks/airdancer/internal/monitor/config.go:132.2,132.12 1 1
github.com/larsks/airdancer/internal/monitor/config.go:137.72,138.34 1 1
github.com/larsks/airdancer/internal/monitor/config.go:138.34,140.3 1 1
github.com/larsks/airdancer/internal/monitor/config.go:141.2,141.28 1 1
github.com/larsks/airdancer/internal/monitor/config.go:141.28,143.3 1 1
github.com/larsks/airdancer/internal/monitor/config.go:144.2,144.11 1 1
github.com/larsks/airdancer/internal/monitor/interfaces.go:59.67,61.16 2 0
github.com/larsks/airdancer/internal/monitor/interfaces.go:61.16,63.3 1 0
github.com/larsks/airdancer/internal/monitor/interfaces.go:64.2,64.32 1 0
github.com/larsks/airdancer/internal/monitor/interfaces.go:67.64,69.16 2 0
github.com/larsks/airdancer/internal/monitor/interfaces.go:69.16,71.3 1 0
github.com/larsks/airdancer/internal/monitor/interfaces.go:72.2,72.32 1 0
github.com/larsks/airdancer/internal/monitor/interfaces.go:80.40,82.2 1 0
github.com/larsks/airdancer/internal/monitor/interfaces.go:87.92,96.36 8 0
github.com/larsks/airdancer/internal/monitor/interfaces.go:96.36,98.3 1 0
github.com/larsks/airdancer/internal/monitor/interfaces.go:100.2,100.12 1 0
github.com/larsks/airdancer/internal/monitor/interfaces.go:100.12,101.36 1 0
github.com/larsks/airdancer/internal/monitor/interfaces.go:101.36,103.4 1 0
github.com/larsks/airdancer/internal/monitor/interfaces.go:103.9,105.4 1 0
github.com/larsks/airdancer/internal/monitor/interfaces.go:108.2,108.12 1 0
github.com/larsks/airdancer/internal/monitor/interfaces.go:114.54,116.2 1 0
github.com/larsks/airdancer/internal/monitor/interfaces.go:118.40,120.2 1 0
github.com/larsks/airdancer/internal/monitor/interfaces.go:125.55,127.2 1 0
github.com/larsks/airdancer/internal/monitor/interfaces.go:129.44,131.2 1 0
github.com/larsks/airdancer/internal/monitor/interfaces.go:138.43,140.2 1 0
github.com/larsks/airdancer/internal/monitor/interfaces.go:142.29,144.2 1 0
github.com/larsks/airdancer/internal/monitor/monitor.go:47.133,48.42 1 1
github.com/larsks/airdancer/internal/monitor/monitor.go:48.42,50.3 1 1
github.com/larsks/airdancer/internal/monitor/monitor.go:52.2,53.47 2 1
github.com/larsks/airdancer/internal/monitor/monitor.go:53.47,55.56 2 1
github.com/larsks/airdancer/internal/monitor/monitor.go:55.56,57.18 2 1
github.com/larsks/airdancer/internal/monitor/monitor.go:57.18,59.5 1 1
github.com/larsks/airdancer/internal/monitor/monitor.go:60.4,63.6 1 1
github.com/larsks/airdancer/internal/monitor/monitor.go:66.3,70.5 1 1
github.com/larsks/airdancer/internal/monitor/monitor.go:73.2,85.21 2 1
github.com/larsks/airdancer/internal/monitor/monitor.go:89.72,97.2 1 0
github.com/larsks/airdancer/internal/monitor/monitor.go:100.33,103.6 2 0
github.com/larsks/airdancer/internal/monitor/monitor.go:103.6,104.10 1 0
github.com/larsks/airdancer/internal/monitor/monitor.go:105.20,107.10 2 0
github.com/larsks/airdancer/internal/monitor/monitor.go:108.11,108.11 0 0
github.com/larsks/airdancer/internal/monitor/monitor.go:111.3,112.17 2 0
github.com/larsks/airdancer/internal/monitor/monitor.go:112.17,114.11 2 0
github.com/larsks/airdancer/internal/monitor/monitor.go:115.21,117.11 2 0
github.com/larsks/airdancer/internal/monitor/monitor.go:118.40,118.40 0 0
github.com/larsks/airdancer/internal/monitor/monitor.go:120.4,120.12 1 0
github.com/larsks/airdancer/internal/monitor/monitor.go:123.3,127.17 3 0
github.com/larsks/airdancer/internal/monitor/monitor.go:127.17,130.12 3 0
github.com/larsks/airdancer/internal/monitor/monitor.go:134.3,135.17 2 0
github.com/larsks/airdancer/internal/monitor/monitor.go:135.17,137.4 1 0
github.com/larsks/airdancer/internal/monitor/monitor.go:139.3,140.10 2 0
github.com/larsks/airdancer/internal/monitor/monitor.go:141.20,143.10 2 0
github.com/larsks/airdancer/internal/monitor/monitor.go:144.38,144.38 0 0
github.com/larsks/airdancer/internal/monitor/monitor.go:150.32,153.2 2 1
github.com/larsks/airdancer/internal/monitor/monitor.go:156.41,163.27 5 1
github.com/larsks/airdancer/internal/monitor/monitor.go:163.27,165.3 1 1
github.com/larsks/airdancer/internal/monitor/monitor.go:165.8,167.3 1 1
github.com/larsks/airdancer/internal/monitor/monitor.go:169.2,169.16 1 1
github.com/larsks/airdancer/internal/monitor/monitor.go:169.16,171.3 1 1
github.com/larsks/airdancer/internal/monitor/monitor.go:173.2,173.82 1 1
github.com/larsks/airdancer/internal/monitor/monitor.go:173.82,176.3 2 1
github.com/larsks/airdancer/internal/monitor/monitor.go:178.2,179.12 2 1
github.com/larsks/airdancer/internal/monitor/monitor.go:183.38,184.22 1 1
github.com/larsks/airdancer/internal/monitor/monitor.go:184.22,187.3 2 1
github.com/larsks/airdancer/internal/monitor/monitor.go:191.52,192.39 1 1
github.com/larsks/airdancer/internal/monitor/monitor.go:192.39,194.17 2 1
github.com/larsks/airdancer/internal/monitor/monitor.go:194.17,196.4 1 1
github.com/larsks/airdancer/internal/monitor/monitor.go:197.3,197.37 1 1
github.com/larsks/airdancer/internal/monitor/monitor.go:199.2,199.12 1 1
github.com/larsks/airdancer/internal/monitor/monitor.go:203.89,206.16 3 1
github.com/larsks/airdancer/internal/monitor/monitor.go:206.16,208.3 1 1
github.com/larsks/airdancer/internal/monitor/monitor.go:211.2,211.24 1 1
github.com/larsks/airdancer/internal/monitor/monitor.go:211.24,214.3 2 1
github.com/larsks/airdancer/internal/monitor/monitor.go:217.2,221.16 5 1
github.com/larsks/airdancer/internal/monitor/monitor.go:221.16,223.3 1 1
github.com/larsks/airdancer/internal/monitor/monitor.go:225.2,225.20 1 1
github.com/larsks/airdancer/internal/monitor/monitor.go:225.20,228.3 2 0
github.com/larsks/airdancer/internal/monitor/monitor.go:231.2,236.12 5 1
github.com/larsks/airdancer/internal/monitor/monitor.go:236.12,238.3 1 1
github.com/larsks/airdancer/internal/monitor/monitor.go:240.2,243.31 3 1
github.com/larsks/airdancer/internal/monitor/monitor.go:243.31,245.3 1 0
github.com/larsks/airdancer/internal/monitor/monitor.go:247.2,248.21 2 1
github.com/larsks/airdancer/internal/monitor/monitor.go:252.53,255.39 2 0
github.com/larsks/airdancer/internal/monitor/monitor.go:255.39,258.3 2 0
github.com/larsks/airdancer/internal/monitor/monitor.go:261.2,262.50 2 0
github.com/larsks/airdancer/internal/monitor/monitor.go:262.50,263.54 1 0
github.com/larsks/airdancer/internal/monitor/monitor.go:263.54,265.18 2 0
github.com/larsks/airdancer/internal/monitor/monitor.go:265.18,267.5 1 0
github.com/larsks/airdancer/internal/monitor/monitor.go:272.2,272.9 1 0
github.com/larsks/airdancer/internal/monitor/monitor.go:273.19,274.13 1 0
github.com/larsks/airdancer/internal/monitor/monitor.go:275.24,276.13 1 0
github.com/larsks/airdancer/internal/monitor/monitor.go:281.99,285.6 3 0
github.com/larsks/airdancer/internal/monitor/monitor.go:285.6,286.10 1 0
github.com/larsks/airdancer/internal/monitor/monitor.go:287.20,288.14 1 0
github.com/larsks/airdancer/internal/monitor/monitor.go:289.21,290.38 1 0
github.com/larsks/airdancer/internal/monitor/monitor.go:290.38,292.19 2 0
github.com/larsks/airdancer/internal/monitor/monitor.go:292.19,294.6 1 0
github.com/larsks/airdancer/internal/monitor/monitor.go:301.85,306.16 4 0
github.com/larsks/airdancer/internal/monitor/monitor.go:306.16,308.3 1 0
github.com/larsks/airdancer/internal/monitor/monitor.go:311.2,311.24 1 0
github.com/larsks/airdancer/internal/monitor/monitor.go:311.24,314.3 2 0
github.com/larsks/airdancer/internal/monitor/monitor.go:316.2,323.17 4 0
github.com/larsks/airdancer/internal/monitor/monitor.go:323.17,325.3 1 0
github.com/larsks/airdancer/internal/monitor/monitor.go:325.8,328.3 1 0
github.com/larsks/airdancer/internal/monitor/monitor.go:330.2,331.16 2 0
github.com/larsks/airdancer/internal/monitor/monitor.go:331.16,333.3 1 0
github.com/larsks/airdancer/internal/monitor/monitor.go:336.2,337.27 2 0
github.com/larsks/airdancer/internal/monitor/monitor.go:337.27,338.20 1 0
github.com/larsks/airdancer/internal/monitor/monitor.go:338.20,340.4 1 0
github.com/larsks/airdancer/internal/monitor/monitor.go:343.2,343.23 1 0
github.com/larsks/airdancer/internal/monitor/monitor.go:343.23,346.3 2 0
github.com/larsks/airdancer/internal/monitor/monitor.go:348.2,352.30 3 0
github.com/larsks/airdancer/internal/monitor/monitor.go:352.30,354.3 1 0
github.com/larsks/airdancer/internal/monitor/monitor.go:356.2,359.12 3 0
github.com/larsks/airdancer/internal/monitor/monitor.go:359.12,361.3 1 0
github.com/larsks/airdancer/internal/monitor/monitor.go:363.2,364.28 2 0
github.com/larsks/airdancer/internal/monitor/monitor.go:364.28,366.17 2 0
github.com/larsks/airdancer/internal/monitor/monitor.go:366.17,368.4 1 0
github.com/larsks/airdancer/internal/monitor/monitor.go:370.3,371.24 2 0
github.com/larsks/airdancer/internal/monitor/monitor.go:371.24,373.4 1 0
github.com/larsks/airdancer/internal/monitor/monitor.go:376.2,376.31 1 0
github.com/larsks/airdancer/internal/monitor/monitor.go:376.31,378.3 1 0
github.com/larsks/airdancer/internal/monitor/monitor.go:380.2,381.12 2 0
github.com/larsks/airdancer/internal/monitor/monitor.go:385.99,386.39 1 1
github.com/larsks/airdancer/internal/monitor/monitor.go:386.39,389.3 2 1
github.com/larsks/airdancer/internal/monitor/monitor.go:391.2,392.32 2 1
github.com/larsks/airdancer/internal/monitor/monitor.go:392.32,394.3 1 1
github.com/larsks/airdancer/internal/monitor/monitor.go:396.2,399.32 2 1
github.com/larsks/airdancer/internal/monitor/monitor.go:399.32,401.17 2 1
github.com/larsks/airdancer/internal/monitor/monitor.go:401.17,403.12 2 0
github.com/larsks/airdancer/internal/monitor/monitor.go:406.3,406.17 1 1
github.com/larsks/airdancer/internal/monitor/monitor.go:406.17,407.12 1 0
github.com/larsks/airdancer/internal/monitor/monitor.go:411.3,411.44 1 1
github.com/larsks/airdancer/internal/monitor/monitor.go:411.44,412.39 1 1
github.com/larsks/airdancer/internal/monitor/monitor.go:412.39,416.19 3 1
github.com/larsks/airdancer/internal/monitor/monitor.go:416.19,418.6 1 0
github.com/larsks/airdancer/internal/monitor/monitor.go:425.2,425.12 1 1
github.com/larsks/airdancer/internal/monitor/monitor.go:429.77,431.16 2 1
github.com/larsks/airdancer/internal/monitor/monitor.go:431.16,433.3 1 0
github.com/larsks/airdancer/internal/monitor/monitor.go:435.2,437.6 2 1
github.com/larsks/airdancer/internal/monitor/monitor.go:437.6,439.20 2 1
github.com/larsks/airdancer/internal/monitor/monitor.go:439.20,440.9 1 1
github.com/larsks/airdancer/internal/monitor/monitor.go:441.9,441.24 1 1
github.com/larsks/airdancer/internal/monitor/monitor.go:441.24,443.4 1 0
github.com/larsks/airdancer/internal/monitor/monitor.go:445.3,445.31 1 1
github.com/larsks/airdancer/internal/monitor/monitor.go:446.27,448.45 2 1
github.com/larsks/airdancer/internal/monitor/monitor.go:448.45,450.19 2 1
github.com/larsks/airdancer/internal/monitor/monitor.go:450.19,451.14 1 0
github.com/larsks/airdancer/internal/monitor/monitor.go:453.5,453.38 1 1
github.com/larsks/airdancer/internal/monitor/monitor.go:458.2,458.27 1 1
github.com/larsks/airdancer/internal/monitor/monitor.go:462.94,463.19 1 1
github.com/larsks/airdancer/internal/monitor/monitor.go:463.19,466.3 2 1
github.com/larsks/airdancer/internal/monitor/monitor.go:468.2,469.55 2 1
github.com/larsks/airdancer/internal/monitor/monitor.go:469.55,471.3 1 1
github.com/larsks/airdancer/internal/monitor/monitor.go:474.2,480.67 6 1
github.com/larsks/airdancer/internal/version/version.go:13.20,17.2 3 0
github.com/larsks/airdancer/internal/ui/server.go:34.26,40.2 1 0
github.com/larsks/airdancer/internal/ui/server.go:43.46,48.2 4 0
github.com/larsks/airdancer/internal/ui/server.go:51.37,63.2 4 0
github.com/larsks/airdancer/internal/ui/server.go:72.41,81.2 3 1
github.com/larsks/airdancer/internal/ui/server.go:83.35,89.16 4 1
github.com/larsks/airdancer/internal/ui/server.go:89.16,90.68 1 0
github.com/larsks/airdancer/internal/ui/server.go:94.2,97.97 2 1
github.com/larsks/airdancer/internal/ui/server.go:100.74,103.16 2 1
github.com/larsks/airdancer/internal/ui/server.go:103.16,106.3 2 0
github.com/larsks/airdancer/internal/ui/server.go:109.2,114.31 5 1
github.com/larsks/airdancer/internal/ui/server.go:117.71,119.2 1 1
github.com/larsks/airdancer/internal/ui/server.go:121.44,123.2 1 0
github.com/larsks/airdancer/internal/ui/server.go:126.35,132.12 2 0
github.com/larsks/airdancer/internal/ui/server.go:132.12,136.77 4 0
github.com/larsks/airdancer/internal/ui/server.go:136.77,138.4 1 0
github.com/larsks/airdancer/internal/ui/server.go:141.2,150.42 7 0
github.com/larsks/airdancer/internal/ui/server.go:150.42,152.3 1 0
github.com/larsks/airdancer/internal/ui/server.go:154.2,155.12 2 0
github.com/larsks/airdancer/internal/blink/blink.go:23.94,24.15 1 1
github.com/larsks/airdancer/internal/blink/blink.go:24.15,26.3 1 1
github.com/larsks/airdancer/internal/blink/blink.go:27.2,27.17 1 1
github.com/larsks/airdancer/internal/blink/blink.go:27.17,29.3 1 1
github.com/larsks/airdancer/internal/blink/blink.go:30.2,30.36 1 1
github.com/larsks/airdancer/internal/blink/blink.go:30.36,32.3 1 0
github.com/larsks/airdancer/internal/blink/blink.go:35.2,35.20 1 1
github.com/larsks/airdancer/internal/blink/blink.go:35.20,37.3 1 1
github.com/larsks/airdancer/internal/blink/blink.go:39.2,45.8 1 1
github.com/larsks/airdancer/internal/blink/blink.go:49.31,53.15 3 1
github.com/larsks/airdancer/internal/blink/blink.go:53.15,55.3 1 1
github.com/larsks/airdancer/internal/blink/blink.go:57.2,60.12 3 1
github.com/larsks/airdancer/internal/blink/blink.go:64.30,68.16 3 1
github.com/larsks/airdancer/internal/blink/blink.go:68.16,70.3 1 1
github.com/larsks/airdancer/internal/blink/blink.go:72.2,77.16 4 1
github.com/larsks/airdancer/internal/blink/blink.go:77.16,79.3 1 0
github.com/larsks/airdancer/internal/blink/blink.go:81.2,87.12 4 1
github.com/larsks/airdancer/internal/blink/blink.go:91.34,95.2 3 1
github.com/larsks/airdancer/internal/blink/blink.go:98.37,102.2 3 1
github.com/larsks/airdancer/internal/blink/blink.go:105.40,109.2 3 0
github.com/larsks/airdancer/internal/blink/blink.go:112.53,116.2 3 1
github.com/larsks/airdancer/internal/blink/blink.go:119.29,129.6 7 1
github.com/larsks/airdancer/internal/blink/blink.go:129.6,130.10 1 1
github.com/larsks/airdancer/internal/blink/blink.go:131.19,132.10 1 1
github.com/larsks/airdancer/internal/blink/blink.go:133.18,135.13 2 1
github.com/larsks/airdancer/internal/blink/blink.go:135.13,136.41 1 1
github.com/larsks/airdancer/internal/blink/blink.go:136.41,138.11 2 0
github.com/larsks/airdancer/internal/blink/blink.go:140.5,140.34 1 1
github.com/larsks/airdancer/internal/blink/blink.go:141.10,142.42 1 1
github.com/larsks/airdancer/internal/blink/blink.go:142.42,144.11 2 0
github.com/larsks/airdancer/internal/blink/blink.go:146.5,146.35 1 1
